2017-11-22 18:59:16 INFO  ContextLoader.java:304 Root WebApplicationContext: initialization started
2017-11-22 18:59:16 INFO  AbstractApplicationContext.java:583 Refreshing Root WebApplicationContext: startup date [Wed Nov 22 18:59:16 CST 2017]; root of context hierarchy
2017-11-22 18:59:16 INFO  XmlBeanDefinitionReader.java:317 Loading XML bean definitions from class path resource [spring/spring.xml]
2017-11-22 18:59:16 INFO  XmlBeanDefinitionReader.java:317 Loading XML bean definitions from class path resource [spring/spring-mybatis.xml]
2017-11-22 18:59:16 INFO  XmlBeanDefinitionReader.java:317 Loading XML bean definitions from class path resource [spring/spring-shiro.xml]
2017-11-22 18:59:16 INFO  XmlBeanDefinitionReader.java:317 Loading XML bean definitions from class path resource [spring/spring-ehcache.xml]
2017-11-22 18:59:16 INFO  AutowiredAnnotationBeanPostProcessor.java:155 JSR-330 'javax.inject.Inject' annotation found and supported for autowiring
2017-11-22 18:59:16 INFO  PostProcessorRegistrationDelegate.java:327 Bean 'org.springframework.aop.support.DefaultBeanFactoryPointcutAdvisor#0' of type [org.springframework.aop.support.DefaultBeanFactoryPointcutAdvisor] is not eligible for getting processed by all BeanPostProcessors (for example: not eligible for auto-proxying)
2017-11-22 18:59:17 INFO  EhCacheManagerFactoryBean.java:130 Initializing EhCache CacheManager
2017-11-22 18:59:17 INFO  PostProcessorRegistrationDelegate.java:327 Bean 'ehcacheManager' of type [org.springframework.cache.ehcache.EhCacheManagerFactoryBean] is not eligible for getting processed by all BeanPostProcessors (for example: not eligible for auto-proxying)
2017-11-22 18:59:17 INFO  PostProcessorRegistrationDelegate.java:327 Bean 'ehcacheManager' of type [net.sf.ehcache.CacheManager] is not eligible for getting processed by all BeanPostProcessors (for example: not eligible for auto-proxying)
2017-11-22 18:59:17 INFO  PostProcessorRegistrationDelegate.java:327 Bean 'cacheManager' of type [org.springframework.cache.ehcache.EhCacheCacheManager] is not eligible for getting processed by all BeanPostProcessors (for example: not eligible for auto-proxying)
2017-11-22 18:59:17 INFO  PostProcessorRegistrationDelegate.java:327 Bean 'shiroSpringCacheManager' of type [org.cloud.ssm.security.cache.ShiroSpringCacheManager] is not eligible for getting processed by all BeanPostProcessors (for example: not eligible for auto-proxying)
2017-11-22 18:59:17 INFO  PostProcessorRegistrationDelegate.java:327 Bean 'passwordHash' of type [org.cloud.ssm.security.PasswordHash] is not eligible for getting processed by all BeanPostProcessors (for example: not eligible for auto-proxying)
2017-11-22 18:59:17 INFO  PostProcessorRegistrationDelegate.java:327 Bean 'credentialsMatcher' of type [org.cloud.ssm.security.RetryLimitCredentialsMatcher] is not eligible for getting processed by all BeanPostProcessors (for example: not eligible for auto-proxying)
2017-11-22 18:59:17 INFO  PostProcessorRegistrationDelegate.java:327 Bean 'dataSource' of type [com.alibaba.druid.pool.DruidDataSource] is not eligible for getting processed by all BeanPostProcessors (for example: not eligible for auto-proxying)
2017-11-22 18:59:18 INFO  PostProcessorRegistrationDelegate.java:327 Bean 'sqlSessionFactory' of type [org.mybatis.spring.SqlSessionFactoryBean] is not eligible for getting processed by all BeanPostProcessors (for example: not eligible for auto-proxying)
2017-11-22 18:59:18 INFO  PostProcessorRegistrationDelegate.java:327 Bean 'sqlSessionFactory' of type [org.apache.ibatis.session.defaults.DefaultSqlSessionFactory] is not eligible for getting processed by all BeanPostProcessors (for example: not eligible for auto-proxying)
2017-11-22 18:59:18 INFO  PostProcessorRegistrationDelegate.java:327 Bean 'userMapper' of type [org.mybatis.spring.mapper.MapperFactoryBean] is not eligible for getting processed by all BeanPostProcessors (for example: not eligible for auto-proxying)
2017-11-22 18:59:18 INFO  PostProcessorRegistrationDelegate.java:327 Bean 'userMapper' of type [com.sun.proxy.$Proxy37] is not eligible for getting processed by all BeanPostProcessors (for example: not eligible for auto-proxying)
2017-11-22 18:59:18 INFO  PostProcessorRegistrationDelegate.java:327 Bean 'userServiceImpl' of type [org.cloud.ssm.service.impl.UserServiceImpl] is not eligible for getting processed by all BeanPostProcessors (for example: not eligible for auto-proxying)
2017-11-22 18:59:19 INFO  PostProcessorRegistrationDelegate.java:327 Bean 'transactionManager' of type [org.springframework.jdbc.datasource.DataSourceTransactionManager] is not eligible for getting processed by all BeanPostProcessors (for example: not eligible for auto-proxying)
2017-11-22 18:59:19 INFO  PostProcessorRegistrationDelegate.java:327 Bean '(inner bean)#58aa1d72' of type [org.springframework.transaction.interceptor.NameMatchTransactionAttributeSource] is not eligible for getting processed by all BeanPostProcessors (for example: not eligible for auto-proxying)
2017-11-22 18:59:19 INFO  PostProcessorRegistrationDelegate.java:327 Bean 'transactionAdvice' of type [org.springframework.transaction.interceptor.TransactionInterceptor] is not eligible for getting processed by all BeanPostProcessors (for example: not eligible for auto-proxying)
2017-11-22 18:59:19 INFO  PostProcessorRegistrationDelegate.java:327 Bean 'roleMapper' of type [org.mybatis.spring.mapper.MapperFactoryBean] is not eligible for getting processed by all BeanPostProcessors (for example: not eligible for auto-proxying)
2017-11-22 18:59:19 INFO  PostProcessorRegistrationDelegate.java:327 Bean 'roleMapper' of type [com.sun.proxy.$Proxy39] is not eligible for getting processed by all BeanPostProcessors (for example: not eligible for auto-proxying)
2017-11-22 18:59:19 INFO  PostProcessorRegistrationDelegate.java:327 Bean 'rolePermissionMapper' of type [org.mybatis.spring.mapper.MapperFactoryBean] is not eligible for getting processed by all BeanPostProcessors (for example: not eligible for auto-proxying)
2017-11-22 18:59:19 INFO  PostProcessorRegistrationDelegate.java:327 Bean 'rolePermissionMapper' of type [com.sun.proxy.$Proxy40] is not eligible for getting processed by all BeanPostProcessors (for example: not eligible for auto-proxying)
2017-11-22 18:59:19 INFO  PostProcessorRegistrationDelegate.java:327 Bean 'roleServiceImpl' of type [org.cloud.ssm.service.impl.RoleServiceImpl] is not eligible for getting processed by all BeanPostProcessors (for example: not eligible for auto-proxying)
2017-11-22 18:59:19 INFO  PostProcessorRegistrationDelegate.java:327 Bean 'shiroSecurityRealm' of type [org.cloud.ssm.security.ShiroSecurityRealm] is not eligible for getting processed by all BeanPostProcessors (for example: not eligible for auto-proxying)
2017-11-22 18:59:19 INFO  PostProcessorRegistrationDelegate.java:327 Bean 'rememberMeCookie' of type [org.apache.shiro.web.servlet.SimpleCookie] is not eligible for getting processed by all BeanPostProcessors (for example: not eligible for auto-proxying)
2017-11-22 18:59:19 INFO  PostProcessorRegistrationDelegate.java:327 Bean 'rememberMeManager' of type [org.apache.shiro.web.mgt.CookieRememberMeManager] is not eligible for getting processed by all BeanPostProcessors (for example: not eligible for auto-proxying)
2017-11-22 18:59:19 INFO  PostProcessorRegistrationDelegate.java:327 Bean 'securityManager' of type [org.apache.shiro.web.mgt.DefaultWebSecurityManager] is not eligible for getting processed by all BeanPostProcessors (for example: not eligible for auto-proxying)
2017-11-22 18:59:19 INFO  PostProcessorRegistrationDelegate.java:327 Bean 'ajaxSessionFilter' of type [org.cloud.ssm.security.ShiroAjaxSessionFilter] is not eligible for getting processed by all BeanPostProcessors (for example: not eligible for auto-proxying)
2017-11-22 18:59:20 INFO  ContextLoader.java:344 Root WebApplicationContext: initialization completed in 3903 ms
2017-11-22 18:59:20 INFO  FrameworkServlet.java:489 FrameworkServlet 'SpringMVC': initialization started
2017-11-22 18:59:20 INFO  AbstractApplicationContext.java:583 Refreshing WebApplicationContext for namespace 'SpringMVC-servlet': startup date [Wed Nov 22 18:59:20 CST 2017]; parent: Root WebApplicationContext
2017-11-22 18:59:20 INFO  XmlBeanDefinitionReader.java:317 Loading XML bean definitions from class path resource [spring/spring-mvc.xml]
2017-11-22 18:59:20 INFO  AutowiredAnnotationBeanPostProcessor.java:155 JSR-330 'javax.inject.Inject' annotation found and supported for autowiring
2017-11-22 18:59:20 INFO  AbstractHandlerMethodMapping.java:543 Mapped "{[/attendance],methods=[GET]}" onto public org.springframework.web.servlet.ModelAndView org.cloud.ssm.controller.AttendanceController.attendancePageHandler(javax.servlet.http.HttpServletRequest)
2017-11-22 18:59:20 INFO  AbstractHandlerMethodMapping.java:543 Mapped "{[/attendanceImport],methods=[POST]}" onto public java.lang.String org.cloud.ssm.controller.AttendanceController.getAttdncListByExcel(javax.servlet.http.HttpServletRequest,javax.servlet.http.HttpServletResponse,javax.servlet.http.HttpSession) throws java.lang.Exception
2017-11-22 18:59:20 INFO  AbstractHandlerMethodMapping.java:543 Mapped "{[/books],methods=[GET]}" onto public java.lang.String org.cloud.ssm.controller.BooksController.booksPage(javax.servlet.http.HttpServletRequest,javax.servlet.http.HttpSession)
2017-11-22 18:59:20 INFO  AbstractHandlerMethodMapping.java:543 Mapped "{[/exportBooks],methods=[GET]}" onto public void org.cloud.ssm.controller.BooksController.exportBooks(javax.servlet.http.HttpServletRequest,javax.servlet.http.HttpServletResponse,org.cloud.ssm.dto.BooksDto) throws java.io.IOException
2017-11-22 18:59:20 INFO  AbstractHandlerMethodMapping.java:543 Mapped "{[/listBooks],methods=[POST]}" onto public org.cloud.ssm.domain.ResponseMessage<org.cloud.ssm.domain.Books> org.cloud.ssm.controller.BooksController.listBooksHandler(org.cloud.ssm.dto.BooksDto)
2017-11-22 18:59:20 INFO  AbstractHandlerMethodMapping.java:543 Mapped "{[/getBooks],methods=[POST]}" onto public org.cloud.ssm.domain.Books org.cloud.ssm.controller.BooksController.getBooksHandler(java.lang.String)
2017-11-22 18:59:20 INFO  AbstractHandlerMethodMapping.java:543 Mapped "{[/saveBooks],methods=[POST]}" onto public org.cloud.ssm.domain.Result org.cloud.ssm.controller.BooksController.saveBooksHandler(org.cloud.ssm.dto.BooksDto)
2017-11-22 18:59:20 INFO  AbstractHandlerMethodMapping.java:543 Mapped "{[/deleteBooks],methods=[POST]}" onto public org.cloud.ssm.domain.Result org.cloud.ssm.controller.BooksController.deleteBooksHandler(java.lang.String)
2017-11-22 18:59:20 INFO  AbstractHandlerMethodMapping.java:543 Mapped "{[/exportCalendar],methods=[GET]}" onto public void org.cloud.ssm.controller.CalendarController.exportBooks(javax.servlet.http.HttpServletRequest,javax.servlet.http.HttpServletResponse,org.cloud.ssm.dto.WorkCalendarDto) throws java.io.IOException
2017-11-22 18:59:20 INFO  AbstractHandlerMethodMapping.java:543 Mapped "{[/calendar],methods=[GET]}" onto public java.lang.String org.cloud.ssm.controller.CalendarController.calendarHandler(javax.servlet.http.HttpServletRequest,javax.servlet.http.HttpSession)
2017-11-22 18:59:20 INFO  AbstractHandlerMethodMapping.java:543 Mapped "{[/listCalendar],methods=[POST]}" onto public org.cloud.ssm.domain.ResponseMessage<org.cloud.ssm.domain.WorkCalendar> org.cloud.ssm.controller.CalendarController.listCalendarHandler(org.cloud.ssm.dto.WorkCalendarDto)
2017-11-22 18:59:20 INFO  AbstractHandlerMethodMapping.java:543 Mapped "{[/importCalendar],methods=[POST]}" onto public org.cloud.ssm.domain.Result org.cloud.ssm.controller.CalendarController.importCalendarFromExcel(javax.servlet.http.HttpServletRequest,javax.servlet.http.HttpServletResponse,javax.servlet.http.HttpSession) throws java.lang.Exception
2017-11-22 18:59:20 INFO  AbstractHandlerMethodMapping.java:543 Mapped "{[/getCalendar],methods=[POST]}" onto public org.cloud.ssm.domain.WorkCalendar org.cloud.ssm.controller.CalendarController.getCalendarHandler(java.lang.String)
2017-11-22 18:59:20 INFO  AbstractHandlerMethodMapping.java:543 Mapped "{[/getHldSgn],methods=[POST]}" onto public java.util.List<org.cloud.ssm.domain.CodeMaster> org.cloud.ssm.controller.CalendarController.getHldSgnHandler()
2017-11-22 18:59:21 INFO  AbstractHandlerMethodMapping.java:543 Mapped "{[/saveCalendar],methods=[POST]}" onto public org.cloud.ssm.domain.Result org.cloud.ssm.controller.CalendarController.saveCodeMasterHandler(org.cloud.ssm.dto.WorkCalendarDto)
2017-11-22 18:59:21 INFO  AbstractHandlerMethodMapping.java:543 Mapped "{[/codeMaster],methods=[GET]}" onto public java.lang.String org.cloud.ssm.controller.CodeMasterController.cdMaster(javax.servlet.http.HttpServletRequest,javax.servlet.http.HttpSession)
2017-11-22 18:59:21 INFO  AbstractHandlerMethodMapping.java:543 Mapped "{[/saveCodeMaster],methods=[POST]}" onto public org.cloud.ssm.domain.Result org.cloud.ssm.controller.CodeMasterController.saveCodeMasterHandler(org.cloud.ssm.dto.CodeMasterDto)
2017-11-22 18:59:21 INFO  AbstractHandlerMethodMapping.java:543 Mapped "{[/exportCodeMaster],methods=[GET]}" onto public void org.cloud.ssm.controller.CodeMasterController.exportCodeMaster(javax.servlet.http.HttpServletRequest,javax.servlet.http.HttpServletResponse,org.cloud.ssm.dto.CodeMasterDto) throws java.io.IOException
2017-11-22 18:59:21 INFO  AbstractHandlerMethodMapping.java:543 Mapped "{[/listCodeMaster],methods=[POST]}" onto public org.cloud.ssm.domain.ResponseMessage<org.cloud.ssm.domain.CodeMaster> org.cloud.ssm.controller.CodeMasterController.listCodeMasterHandler(org.cloud.ssm.dto.CodeMasterDto)
2017-11-22 18:59:21 INFO  AbstractHandlerMethodMapping.java:543 Mapped "{[/getCodeMaster],methods=[POST]}" onto public org.cloud.ssm.domain.CodeMaster org.cloud.ssm.controller.CodeMasterController.getCodeMasterHandler(java.lang.String)
2017-11-22 18:59:21 INFO  AbstractHandlerMethodMapping.java:543 Mapped "{[/deleteCodeMaster],methods=[POST]}" onto public org.cloud.ssm.domain.Result org.cloud.ssm.controller.CodeMasterController.deleteCodeMasterHandler(java.lang.String)
2017-11-22 18:59:21 INFO  AbstractHandlerMethodMapping.java:543 Mapped "{[/department],methods=[GET]}" onto public java.lang.String org.cloud.ssm.controller.DepartmentController.departmentPage(javax.servlet.http.HttpServletRequest,javax.servlet.http.HttpSession)
2017-11-22 18:59:21 INFO  AbstractHandlerMethodMapping.java:543 Mapped "{[/exportDepartment],methods=[GET]}" onto public void org.cloud.ssm.controller.DepartmentController.exportDepartment(javax.servlet.http.HttpServletRequest,javax.servlet.http.HttpServletResponse,org.cloud.ssm.dto.DepartmentDto) throws java.io.IOException
2017-11-22 18:59:21 INFO  AbstractHandlerMethodMapping.java:543 Mapped "{[/listDepartment],methods=[POST]}" onto public org.cloud.ssm.domain.ResponseMessage<org.cloud.ssm.domain.Department> org.cloud.ssm.controller.DepartmentController.listDepartmentHandler(org.cloud.ssm.dto.DepartmentDto)
2017-11-22 18:59:21 INFO  AbstractHandlerMethodMapping.java:543 Mapped "{[/getDepartment],methods=[POST]}" onto public org.cloud.ssm.domain.Department org.cloud.ssm.controller.DepartmentController.getDepartmentHandler(java.lang.String)
2017-11-22 18:59:21 INFO  AbstractHandlerMethodMapping.java:543 Mapped "{[/deleteDepartment],methods=[POST]}" onto public org.cloud.ssm.domain.Result org.cloud.ssm.controller.DepartmentController.departmentDeleteHandler(java.lang.String)
2017-11-22 18:59:21 INFO  AbstractHandlerMethodMapping.java:543 Mapped "{[/saveDepartment],methods=[POST]}" onto public org.cloud.ssm.domain.Result org.cloud.ssm.controller.DepartmentController.saveDepartmentHandler(org.cloud.ssm.dto.DepartmentDto)
2017-11-22 18:59:21 INFO  AbstractHandlerMethodMapping.java:543 Mapped "{[/home],methods=[GET]}" onto public org.springframework.web.servlet.ModelAndView org.cloud.ssm.controller.HomePageController.homePageHandler(javax.servlet.http.HttpServletRequest,javax.servlet.http.HttpSession)
2017-11-22 18:59:21 INFO  AbstractHandlerMethodMapping.java:543 Mapped "{[/datagrid.html],methods=[GET]}" onto public java.lang.String org.cloud.ssm.controller.IndexController.getDatagridPage()
2017-11-22 18:59:21 INFO  AbstractHandlerMethodMapping.java:543 Mapped "{[/accordion.html],methods=[GET]}" onto public java.lang.String org.cloud.ssm.controller.IndexController.getaccordionPage()
2017-11-22 18:59:21 INFO  AbstractHandlerMethodMapping.java:543 Mapped "{[/button.html],methods=[GET]}" onto public java.lang.String org.cloud.ssm.controller.IndexController.getbuttonPage()
2017-11-22 18:59:21 INFO  AbstractHandlerMethodMapping.java:543 Mapped "{[/dialog.html],methods=[GET]}" onto public java.lang.String org.cloud.ssm.controller.IndexController.getdialogPage()
2017-11-22 18:59:21 INFO  AbstractHandlerMethodMapping.java:543 Mapped "{[/form.html],methods=[GET]}" onto public java.lang.String org.cloud.ssm.controller.IndexController.getformPage()
2017-11-22 18:59:21 INFO  AbstractHandlerMethodMapping.java:543 Mapped "{[/layout.html],methods=[GET]}" onto public java.lang.String org.cloud.ssm.controller.IndexController.getlayoutPage()
2017-11-22 18:59:21 INFO  AbstractHandlerMethodMapping.java:543 Mapped "{[/menu.html],methods=[GET]}" onto public java.lang.String org.cloud.ssm.controller.IndexController.getmenuPage()
2017-11-22 18:59:21 INFO  AbstractHandlerMethodMapping.java:543 Mapped "{[/message.html],methods=[GET]}" onto public java.lang.String org.cloud.ssm.controller.IndexController.getmessagePage()
2017-11-22 18:59:21 INFO  AbstractHandlerMethodMapping.java:543 Mapped "{[/other.html],methods=[GET]}" onto public java.lang.String org.cloud.ssm.controller.IndexController.getotherPage()
2017-11-22 18:59:21 INFO  AbstractHandlerMethodMapping.java:543 Mapped "{[/panel.html],methods=[GET]}" onto public java.lang.String org.cloud.ssm.controller.IndexController.getpanelPage()
2017-11-22 18:59:21 INFO  AbstractHandlerMethodMapping.java:543 Mapped "{[/tabs.html],methods=[GET]}" onto public java.lang.String org.cloud.ssm.controller.IndexController.gettabsPage()
2017-11-22 18:59:21 INFO  AbstractHandlerMethodMapping.java:543 Mapped "{[/tree.html],methods=[GET]}" onto public java.lang.String org.cloud.ssm.controller.IndexController.gettreePage()
2017-11-22 18:59:21 INFO  AbstractHandlerMethodMapping.java:543 Mapped "{[/window.html],methods=[GET]}" onto public java.lang.String org.cloud.ssm.controller.IndexController.getwindowPage()
2017-11-22 18:59:21 INFO  AbstractHandlerMethodMapping.java:543 Mapped "{[/],methods=[GET]}" onto public java.lang.String org.cloud.ssm.controller.LoginController.index()
2017-11-22 18:59:21 INFO  AbstractHandlerMethodMapping.java:543 Mapped "{[/login],methods=[GET]}" onto public java.lang.String org.cloud.ssm.controller.LoginController.login()
2017-11-22 18:59:21 INFO  AbstractHandlerMethodMapping.java:543 Mapped "{[/login],methods=[POST]}" onto public org.cloud.ssm.domain.Result org.cloud.ssm.controller.LoginController.login(java.lang.String,java.lang.String,java.lang.Integer,javax.servlet.http.HttpSession) throws java.io.IOException
2017-11-22 18:59:21 INFO  AbstractHandlerMethodMapping.java:543 Mapped "{[/logout],methods=[POST]}" onto public org.cloud.ssm.domain.Result org.cloud.ssm.controller.LoginController.logout(javax.servlet.http.HttpServletRequest,javax.servlet.http.HttpServletResponse,javax.servlet.http.HttpSession) throws java.io.IOException
2017-11-22 18:59:21 INFO  AbstractHandlerMethodMapping.java:543 Mapped "{[/user],methods=[GET]}" onto public java.lang.String org.cloud.ssm.controller.UserController.userPage(javax.servlet.http.HttpServletRequest,javax.servlet.http.HttpSession)
2017-11-22 18:59:21 INFO  AbstractHandlerMethodMapping.java:543 Mapped "{[/userList],methods=[POST]}" onto public org.cloud.ssm.domain.ResponseMessage<org.cloud.ssm.domain.User> org.cloud.ssm.controller.UserController.userListHandler(org.cloud.ssm.dto.UserDto)
2017-11-22 18:59:21 INFO  RequestMappingHandlerAdapter.java:534 Looking for @ControllerAdvice: WebApplicationContext for namespace 'SpringMVC-servlet': startup date [Wed Nov 22 18:59:20 CST 2017]; parent: Root WebApplicationContext
2017-11-22 18:59:21 INFO  RequestMappingHandlerAdapter.java:534 Looking for @ControllerAdvice: WebApplicationContext for namespace 'SpringMVC-servlet': startup date [Wed Nov 22 18:59:20 CST 2017]; parent: Root WebApplicationContext
2017-11-22 18:59:21 INFO  RequestMappingHandlerAdapter.java:534 Looking for @ControllerAdvice: WebApplicationContext for namespace 'SpringMVC-servlet': startup date [Wed Nov 22 18:59:20 CST 2017]; parent: Root WebApplicationContext
2017-11-22 18:59:21 INFO  AbstractUrlHandlerMapping.java:362 Mapped URL path [/assets/**] onto handler 'org.springframework.web.servlet.resource.ResourceHttpRequestHandler#0'
2017-11-22 18:59:21 INFO  AbstractUrlHandlerMapping.java:362 Mapped URL path [/js/**] onto handler 'org.springframework.web.servlet.resource.ResourceHttpRequestHandler#1'
2017-11-22 18:59:21 INFO  AbstractUrlHandlerMapping.java:362 Mapped URL path [/css/**] onto handler 'org.springframework.web.servlet.resource.ResourceHttpRequestHandler#2'
2017-11-22 18:59:21 INFO  AbstractUrlHandlerMapping.java:362 Mapped URL path [/images/**] onto handler 'org.springframework.web.servlet.resource.ResourceHttpRequestHandler#3'
2017-11-22 18:59:21 INFO  FrameworkServlet.java:508 FrameworkServlet 'SpringMVC': initialization completed in 1549 ms
2017-11-22 18:59:40 INFO  LoginController.java:48 GET请求登录
2017-11-22 18:59:46 INFO  LoginController.java:61 POST请求登录
2017-11-22 18:59:46 INFO  ShiroSecurityRealm.java:44 Shiro开始登录认证
2017-11-22 18:59:46 ERROR DruidDataSource.java:2336 create connection SQLException, url: jdbc:mysql://localhost:3306/jlzm?useUnicode=true&characterEncoding=UTF-8&useSSL=false&useLegacyDatetimeCode=false&serverTimezone=Asia/Shanghai, errorCode 0, state 08S01
com.mysql.jdbc.exceptions.jdbc4.CommunicationsException: Communications link failure

The last packet sent successfully to the server was 0 milliseconds ago. The driver has not received any packets from the server.
	at sun.reflect.NativeConstructorAccessorImpl.newInstance0(Native Method)
	at sun.reflect.NativeConstructorAccessorImpl.newInstance(NativeConstructorAccessorImpl.java:62)
	at sun.reflect.DelegatingConstructorAccessorImpl.newInstance(DelegatingConstructorAccessorImpl.java:45)
	at java.lang.reflect.Constructor.newInstance(Constructor.java:423)
	at com.mysql.jdbc.Util.handleNewInstance(Util.java:425)
	at com.mysql.jdbc.SQLError.createCommunicationsException(SQLError.java:989)
	at com.mysql.jdbc.MysqlIO.<init>(MysqlIO.java:341)
	at com.mysql.jdbc.ConnectionImpl.coreConnect(ConnectionImpl.java:2189)
	at com.mysql.jdbc.ConnectionImpl.connectOneTryOnly(ConnectionImpl.java:2222)
	at com.mysql.jdbc.ConnectionImpl.createNewIO(ConnectionImpl.java:2017)
	at com.mysql.jdbc.ConnectionImpl.<init>(ConnectionImpl.java:779)
	at com.mysql.jdbc.JDBC4Connection.<init>(JDBC4Connection.java:47)
	at sun.reflect.NativeConstructorAccessorImpl.newInstance0(Native Method)
	at sun.reflect.NativeConstructorAccessorImpl.newInstance(NativeConstructorAccessorImpl.java:62)
	at sun.reflect.DelegatingConstructorAccessorImpl.newInstance(DelegatingConstructorAccessorImpl.java:45)
	at java.lang.reflect.Constructor.newInstance(Constructor.java:423)
	at com.mysql.jdbc.Util.handleNewInstance(Util.java:425)
	at com.mysql.jdbc.ConnectionImpl.getInstance(ConnectionImpl.java:389)
	at com.mysql.jdbc.NonRegisteringDriver.connect(NonRegisteringDriver.java:330)
	at com.alibaba.druid.filter.FilterChainImpl.connection_connect(FilterChainImpl.java:149)
	at com.alibaba.druid.filter.stat.StatFilter.connection_connect(StatFilter.java:218)
	at com.alibaba.druid.filter.FilterChainImpl.connection_connect(FilterChainImpl.java:143)
	at com.alibaba.druid.pool.DruidAbstractDataSource.createPhysicalConnection(DruidAbstractDataSource.java:1470)
	at com.alibaba.druid.pool.DruidAbstractDataSource.createPhysicalConnection(DruidAbstractDataSource.java:1533)
	at com.alibaba.druid.pool.DruidDataSource$CreateConnectionThread.run(DruidDataSource.java:2333)
Caused by: java.net.ConnectException: Connection refused (Connection refused)
	at java.net.PlainSocketImpl.socketConnect(Native Method)
	at java.net.AbstractPlainSocketImpl.doConnect(AbstractPlainSocketImpl.java:350)
	at java.net.AbstractPlainSocketImpl.connectToAddress(AbstractPlainSocketImpl.java:206)
	at java.net.AbstractPlainSocketImpl.connect(AbstractPlainSocketImpl.java:188)
	at java.net.SocksSocketImpl.connect(SocksSocketImpl.java:392)
	at java.net.Socket.connect(Socket.java:589)
	at com.mysql.jdbc.StandardSocketFactory.connect(StandardSocketFactory.java:211)
	at com.mysql.jdbc.MysqlIO.<init>(MysqlIO.java:300)
	... 18 more
2017-11-22 18:59:46 ERROR DruidDataSource.java:2336 create connection SQLException, url: jdbc:mysql://localhost:3306/jlzm?useUnicode=true&characterEncoding=UTF-8&useSSL=false&useLegacyDatetimeCode=false&serverTimezone=Asia/Shanghai, errorCode 0, state 08S01
com.mysql.jdbc.exceptions.jdbc4.CommunicationsException: Communications link failure

The last packet sent successfully to the server was 0 milliseconds ago. The driver has not received any packets from the server.
	at sun.reflect.NativeConstructorAccessorImpl.newInstance0(Native Method)
	at sun.reflect.NativeConstructorAccessorImpl.newInstance(NativeConstructorAccessorImpl.java:62)
	at sun.reflect.DelegatingConstructorAccessorImpl.newInstance(DelegatingConstructorAccessorImpl.java:45)
	at java.lang.reflect.Constructor.newInstance(Constructor.java:423)
	at com.mysql.jdbc.Util.handleNewInstance(Util.java:425)
	at com.mysql.jdbc.SQLError.createCommunicationsException(SQLError.java:989)
	at com.mysql.jdbc.MysqlIO.<init>(MysqlIO.java:341)
	at com.mysql.jdbc.ConnectionImpl.coreConnect(ConnectionImpl.java:2189)
	at com.mysql.jdbc.ConnectionImpl.connectOneTryOnly(ConnectionImpl.java:2222)
	at com.mysql.jdbc.ConnectionImpl.createNewIO(ConnectionImpl.java:2017)
	at com.mysql.jdbc.ConnectionImpl.<init>(ConnectionImpl.java:779)
	at com.mysql.jdbc.JDBC4Connection.<init>(JDBC4Connection.java:47)
	at sun.reflect.NativeConstructorAccessorImpl.newInstance0(Native Method)
	at sun.reflect.NativeConstructorAccessorImpl.newInstance(NativeConstructorAccessorImpl.java:62)
	at sun.reflect.DelegatingConstructorAccessorImpl.newInstance(DelegatingConstructorAccessorImpl.java:45)
	at java.lang.reflect.Constructor.newInstance(Constructor.java:423)
	at com.mysql.jdbc.Util.handleNewInstance(Util.java:425)
	at com.mysql.jdbc.ConnectionImpl.getInstance(ConnectionImpl.java:389)
	at com.mysql.jdbc.NonRegisteringDriver.connect(NonRegisteringDriver.java:330)
	at com.alibaba.druid.filter.FilterChainImpl.connection_connect(FilterChainImpl.java:149)
	at com.alibaba.druid.filter.stat.StatFilter.connection_connect(StatFilter.java:218)
	at com.alibaba.druid.filter.FilterChainImpl.connection_connect(FilterChainImpl.java:143)
	at com.alibaba.druid.pool.DruidAbstractDataSource.createPhysicalConnection(DruidAbstractDataSource.java:1470)
	at com.alibaba.druid.pool.DruidAbstractDataSource.createPhysicalConnection(DruidAbstractDataSource.java:1533)
	at com.alibaba.druid.pool.DruidDataSource$CreateConnectionThread.run(DruidDataSource.java:2333)
Caused by: java.net.ConnectException: Connection refused (Connection refused)
	at java.net.PlainSocketImpl.socketConnect(Native Method)
	at java.net.AbstractPlainSocketImpl.doConnect(AbstractPlainSocketImpl.java:350)
	at java.net.AbstractPlainSocketImpl.connectToAddress(AbstractPlainSocketImpl.java:206)
	at java.net.AbstractPlainSocketImpl.connect(AbstractPlainSocketImpl.java:188)
	at java.net.SocksSocketImpl.connect(SocksSocketImpl.java:392)
	at java.net.Socket.connect(Socket.java:589)
	at com.mysql.jdbc.StandardSocketFactory.connect(StandardSocketFactory.java:211)
	at com.mysql.jdbc.MysqlIO.<init>(MysqlIO.java:300)
	... 18 more
2017-11-22 18:59:47 ERROR DruidDataSource.java:2336 create connection SQLException, url: jdbc:mysql://localhost:3306/jlzm?useUnicode=true&characterEncoding=UTF-8&useSSL=false&useLegacyDatetimeCode=false&serverTimezone=Asia/Shanghai, errorCode 0, state 08S01
com.mysql.jdbc.exceptions.jdbc4.CommunicationsException: Communications link failure

The last packet sent successfully to the server was 0 milliseconds ago. The driver has not received any packets from the server.
	at sun.reflect.NativeConstructorAccessorImpl.newInstance0(Native Method)
	at sun.reflect.NativeConstructorAccessorImpl.newInstance(NativeConstructorAccessorImpl.java:62)
	at sun.reflect.DelegatingConstructorAccessorImpl.newInstance(DelegatingConstructorAccessorImpl.java:45)
	at java.lang.reflect.Constructor.newInstance(Constructor.java:423)
	at com.mysql.jdbc.Util.handleNewInstance(Util.java:425)
	at com.mysql.jdbc.SQLError.createCommunicationsException(SQLError.java:989)
	at com.mysql.jdbc.MysqlIO.<init>(MysqlIO.java:341)
	at com.mysql.jdbc.ConnectionImpl.coreConnect(ConnectionImpl.java:2189)
	at com.mysql.jdbc.ConnectionImpl.connectOneTryOnly(ConnectionImpl.java:2222)
	at com.mysql.jdbc.ConnectionImpl.createNewIO(ConnectionImpl.java:2017)
	at com.mysql.jdbc.ConnectionImpl.<init>(ConnectionImpl.java:779)
	at com.mysql.jdbc.JDBC4Connection.<init>(JDBC4Connection.java:47)
	at sun.reflect.NativeConstructorAccessorImpl.newInstance0(Native Method)
	at sun.reflect.NativeConstructorAccessorImpl.newInstance(NativeConstructorAccessorImpl.java:62)
	at sun.reflect.DelegatingConstructorAccessorImpl.newInstance(DelegatingConstructorAccessorImpl.java:45)
	at java.lang.reflect.Constructor.newInstance(Constructor.java:423)
	at com.mysql.jdbc.Util.handleNewInstance(Util.java:425)
	at com.mysql.jdbc.ConnectionImpl.getInstance(ConnectionImpl.java:389)
	at com.mysql.jdbc.NonRegisteringDriver.connect(NonRegisteringDriver.java:330)
	at com.alibaba.druid.filter.FilterChainImpl.connection_connect(FilterChainImpl.java:149)
	at com.alibaba.druid.filter.stat.StatFilter.connection_connect(StatFilter.java:218)
	at com.alibaba.druid.filter.FilterChainImpl.connection_connect(FilterChainImpl.java:143)
	at com.alibaba.druid.pool.DruidAbstractDataSource.createPhysicalConnection(DruidAbstractDataSource.java:1470)
	at com.alibaba.druid.pool.DruidAbstractDataSource.createPhysicalConnection(DruidAbstractDataSource.java:1533)
	at com.alibaba.druid.pool.DruidDataSource$CreateConnectionThread.run(DruidDataSource.java:2333)
Caused by: java.net.ConnectException: Connection refused (Connection refused)
	at java.net.PlainSocketImpl.socketConnect(Native Method)
	at java.net.AbstractPlainSocketImpl.doConnect(AbstractPlainSocketImpl.java:350)
	at java.net.AbstractPlainSocketImpl.connectToAddress(AbstractPlainSocketImpl.java:206)
	at java.net.AbstractPlainSocketImpl.connect(AbstractPlainSocketImpl.java:188)
	at java.net.SocksSocketImpl.connect(SocksSocketImpl.java:392)
	at java.net.Socket.connect(Socket.java:589)
	at com.mysql.jdbc.StandardSocketFactory.connect(StandardSocketFactory.java:211)
	at com.mysql.jdbc.MysqlIO.<init>(MysqlIO.java:300)
	... 18 more
2017-11-22 18:59:47 ERROR DruidDataSource.java:2336 create connection SQLException, url: jdbc:mysql://localhost:3306/jlzm?useUnicode=true&characterEncoding=UTF-8&useSSL=false&useLegacyDatetimeCode=false&serverTimezone=Asia/Shanghai, errorCode 0, state 08S01
com.mysql.jdbc.exceptions.jdbc4.CommunicationsException: Communications link failure

The last packet sent successfully to the server was 0 milliseconds ago. The driver has not received any packets from the server.
	at sun.reflect.NativeConstructorAccessorImpl.newInstance0(Native Method)
	at sun.reflect.NativeConstructorAccessorImpl.newInstance(NativeConstructorAccessorImpl.java:62)
	at sun.reflect.DelegatingConstructorAccessorImpl.newInstance(DelegatingConstructorAccessorImpl.java:45)
	at java.lang.reflect.Constructor.newInstance(Constructor.java:423)
	at com.mysql.jdbc.Util.handleNewInstance(Util.java:425)
	at com.mysql.jdbc.SQLError.createCommunicationsException(SQLError.java:989)
	at com.mysql.jdbc.MysqlIO.<init>(MysqlIO.java:341)
	at com.mysql.jdbc.ConnectionImpl.coreConnect(ConnectionImpl.java:2189)
	at com.mysql.jdbc.ConnectionImpl.connectOneTryOnly(ConnectionImpl.java:2222)
	at com.mysql.jdbc.ConnectionImpl.createNewIO(ConnectionImpl.java:2017)
	at com.mysql.jdbc.ConnectionImpl.<init>(ConnectionImpl.java:779)
	at com.mysql.jdbc.JDBC4Connection.<init>(JDBC4Connection.java:47)
	at sun.reflect.NativeConstructorAccessorImpl.newInstance0(Native Method)
	at sun.reflect.NativeConstructorAccessorImpl.newInstance(NativeConstructorAccessorImpl.java:62)
	at sun.reflect.DelegatingConstructorAccessorImpl.newInstance(DelegatingConstructorAccessorImpl.java:45)
	at java.lang.reflect.Constructor.newInstance(Constructor.java:423)
	at com.mysql.jdbc.Util.handleNewInstance(Util.java:425)
	at com.mysql.jdbc.ConnectionImpl.getInstance(ConnectionImpl.java:389)
	at com.mysql.jdbc.NonRegisteringDriver.connect(NonRegisteringDriver.java:330)
	at com.alibaba.druid.filter.FilterChainImpl.connection_connect(FilterChainImpl.java:149)
	at com.alibaba.druid.filter.stat.StatFilter.connection_connect(StatFilter.java:218)
	at com.alibaba.druid.filter.FilterChainImpl.connection_connect(FilterChainImpl.java:143)
	at com.alibaba.druid.pool.DruidAbstractDataSource.createPhysicalConnection(DruidAbstractDataSource.java:1470)
	at com.alibaba.druid.pool.DruidAbstractDataSource.createPhysicalConnection(DruidAbstractDataSource.java:1533)
	at com.alibaba.druid.pool.DruidDataSource$CreateConnectionThread.run(DruidDataSource.java:2333)
Caused by: java.net.ConnectException: Connection refused (Connection refused)
	at java.net.PlainSocketImpl.socketConnect(Native Method)
	at java.net.AbstractPlainSocketImpl.doConnect(AbstractPlainSocketImpl.java:350)
	at java.net.AbstractPlainSocketImpl.connectToAddress(AbstractPlainSocketImpl.java:206)
	at java.net.AbstractPlainSocketImpl.connect(AbstractPlainSocketImpl.java:188)
	at java.net.SocksSocketImpl.connect(SocksSocketImpl.java:392)
	at java.net.Socket.connect(Socket.java:589)
	at com.mysql.jdbc.StandardSocketFactory.connect(StandardSocketFactory.java:211)
	at com.mysql.jdbc.MysqlIO.<init>(MysqlIO.java:300)
	... 18 more
2017-11-22 18:59:48 ERROR DruidDataSource.java:2336 create connection SQLException, url: jdbc:mysql://localhost:3306/jlzm?useUnicode=true&characterEncoding=UTF-8&useSSL=false&useLegacyDatetimeCode=false&serverTimezone=Asia/Shanghai, errorCode 0, state 08S01
com.mysql.jdbc.exceptions.jdbc4.CommunicationsException: Communications link failure

The last packet sent successfully to the server was 0 milliseconds ago. The driver has not received any packets from the server.
	at sun.reflect.NativeConstructorAccessorImpl.newInstance0(Native Method)
	at sun.reflect.NativeConstructorAccessorImpl.newInstance(NativeConstructorAccessorImpl.java:62)
	at sun.reflect.DelegatingConstructorAccessorImpl.newInstance(DelegatingConstructorAccessorImpl.java:45)
	at java.lang.reflect.Constructor.newInstance(Constructor.java:423)
	at com.mysql.jdbc.Util.handleNewInstance(Util.java:425)
	at com.mysql.jdbc.SQLError.createCommunicationsException(SQLError.java:989)
	at com.mysql.jdbc.MysqlIO.<init>(MysqlIO.java:341)
	at com.mysql.jdbc.ConnectionImpl.coreConnect(ConnectionImpl.java:2189)
	at com.mysql.jdbc.ConnectionImpl.connectOneTryOnly(ConnectionImpl.java:2222)
	at com.mysql.jdbc.ConnectionImpl.createNewIO(ConnectionImpl.java:2017)
	at com.mysql.jdbc.ConnectionImpl.<init>(ConnectionImpl.java:779)
	at com.mysql.jdbc.JDBC4Connection.<init>(JDBC4Connection.java:47)
	at sun.reflect.NativeConstructorAccessorImpl.newInstance0(Native Method)
	at sun.reflect.NativeConstructorAccessorImpl.newInstance(NativeConstructorAccessorImpl.java:62)
	at sun.reflect.DelegatingConstructorAccessorImpl.newInstance(DelegatingConstructorAccessorImpl.java:45)
	at java.lang.reflect.Constructor.newInstance(Constructor.java:423)
	at com.mysql.jdbc.Util.handleNewInstance(Util.java:425)
	at com.mysql.jdbc.ConnectionImpl.getInstance(ConnectionImpl.java:389)
	at com.mysql.jdbc.NonRegisteringDriver.connect(NonRegisteringDriver.java:330)
	at com.alibaba.druid.filter.FilterChainImpl.connection_connect(FilterChainImpl.java:149)
	at com.alibaba.druid.filter.stat.StatFilter.connection_connect(StatFilter.java:218)
	at com.alibaba.druid.filter.FilterChainImpl.connection_connect(FilterChainImpl.java:143)
	at com.alibaba.druid.pool.DruidAbstractDataSource.createPhysicalConnection(DruidAbstractDataSource.java:1470)
	at com.alibaba.druid.pool.DruidAbstractDataSource.createPhysicalConnection(DruidAbstractDataSource.java:1533)
	at com.alibaba.druid.pool.DruidDataSource$CreateConnectionThread.run(DruidDataSource.java:2333)
Caused by: java.net.ConnectException: Connection refused (Connection refused)
	at java.net.PlainSocketImpl.socketConnect(Native Method)
	at java.net.AbstractPlainSocketImpl.doConnect(AbstractPlainSocketImpl.java:350)
	at java.net.AbstractPlainSocketImpl.connectToAddress(AbstractPlainSocketImpl.java:206)
	at java.net.AbstractPlainSocketImpl.connect(AbstractPlainSocketImpl.java:188)
	at java.net.SocksSocketImpl.connect(SocksSocketImpl.java:392)
	at java.net.Socket.connect(Socket.java:589)
	at com.mysql.jdbc.StandardSocketFactory.connect(StandardSocketFactory.java:211)
	at com.mysql.jdbc.MysqlIO.<init>(MysqlIO.java:300)
	... 18 more
2017-11-22 18:59:48 ERROR DruidDataSource.java:2336 create connection SQLException, url: jdbc:mysql://localhost:3306/jlzm?useUnicode=true&characterEncoding=UTF-8&useSSL=false&useLegacyDatetimeCode=false&serverTimezone=Asia/Shanghai, errorCode 0, state 08S01
com.mysql.jdbc.exceptions.jdbc4.CommunicationsException: Communications link failure

The last packet sent successfully to the server was 0 milliseconds ago. The driver has not received any packets from the server.
	at sun.reflect.NativeConstructorAccessorImpl.newInstance0(Native Method)
	at sun.reflect.NativeConstructorAccessorImpl.newInstance(NativeConstructorAccessorImpl.java:62)
	at sun.reflect.DelegatingConstructorAccessorImpl.newInstance(DelegatingConstructorAccessorImpl.java:45)
	at java.lang.reflect.Constructor.newInstance(Constructor.java:423)
	at com.mysql.jdbc.Util.handleNewInstance(Util.java:425)
	at com.mysql.jdbc.SQLError.createCommunicationsException(SQLError.java:989)
	at com.mysql.jdbc.MysqlIO.<init>(MysqlIO.java:341)
	at com.mysql.jdbc.ConnectionImpl.coreConnect(ConnectionImpl.java:2189)
	at com.mysql.jdbc.ConnectionImpl.connectOneTryOnly(ConnectionImpl.java:2222)
	at com.mysql.jdbc.ConnectionImpl.createNewIO(ConnectionImpl.java:2017)
	at com.mysql.jdbc.ConnectionImpl.<init>(ConnectionImpl.java:779)
	at com.mysql.jdbc.JDBC4Connection.<init>(JDBC4Connection.java:47)
	at sun.reflect.NativeConstructorAccessorImpl.newInstance0(Native Method)
	at sun.reflect.NativeConstructorAccessorImpl.newInstance(NativeConstructorAccessorImpl.java:62)
	at sun.reflect.DelegatingConstructorAccessorImpl.newInstance(DelegatingConstructorAccessorImpl.java:45)
	at java.lang.reflect.Constructor.newInstance(Constructor.java:423)
	at com.mysql.jdbc.Util.handleNewInstance(Util.java:425)
	at com.mysql.jdbc.ConnectionImpl.getInstance(ConnectionImpl.java:389)
	at com.mysql.jdbc.NonRegisteringDriver.connect(NonRegisteringDriver.java:330)
	at com.alibaba.druid.filter.FilterChainImpl.connection_connect(FilterChainImpl.java:149)
	at com.alibaba.druid.filter.stat.StatFilter.connection_connect(StatFilter.java:218)
	at com.alibaba.druid.filter.FilterChainImpl.connection_connect(FilterChainImpl.java:143)
	at com.alibaba.druid.pool.DruidAbstractDataSource.createPhysicalConnection(DruidAbstractDataSource.java:1470)
	at com.alibaba.druid.pool.DruidAbstractDataSource.createPhysicalConnection(DruidAbstractDataSource.java:1533)
	at com.alibaba.druid.pool.DruidDataSource$CreateConnectionThread.run(DruidDataSource.java:2333)
Caused by: java.net.ConnectException: Connection refused (Connection refused)
	at java.net.PlainSocketImpl.socketConnect(Native Method)
	at java.net.AbstractPlainSocketImpl.doConnect(AbstractPlainSocketImpl.java:350)
	at java.net.AbstractPlainSocketImpl.connectToAddress(AbstractPlainSocketImpl.java:206)
	at java.net.AbstractPlainSocketImpl.connect(AbstractPlainSocketImpl.java:188)
	at java.net.SocksSocketImpl.connect(SocksSocketImpl.java:392)
	at java.net.Socket.connect(Socket.java:589)
	at com.mysql.jdbc.StandardSocketFactory.connect(StandardSocketFactory.java:211)
	at com.mysql.jdbc.MysqlIO.<init>(MysqlIO.java:300)
	... 18 more
2017-11-22 18:59:49 ERROR DruidDataSource.java:2336 create connection SQLException, url: jdbc:mysql://localhost:3306/jlzm?useUnicode=true&characterEncoding=UTF-8&useSSL=false&useLegacyDatetimeCode=false&serverTimezone=Asia/Shanghai, errorCode 0, state 08S01
com.mysql.jdbc.exceptions.jdbc4.CommunicationsException: Communications link failure

The last packet sent successfully to the server was 0 milliseconds ago. The driver has not received any packets from the server.
	at sun.reflect.NativeConstructorAccessorImpl.newInstance0(Native Method)
	at sun.reflect.NativeConstructorAccessorImpl.newInstance(NativeConstructorAccessorImpl.java:62)
	at sun.reflect.DelegatingConstructorAccessorImpl.newInstance(DelegatingConstructorAccessorImpl.java:45)
	at java.lang.reflect.Constructor.newInstance(Constructor.java:423)
	at com.mysql.jdbc.Util.handleNewInstance(Util.java:425)
	at com.mysql.jdbc.SQLError.createCommunicationsException(SQLError.java:989)
	at com.mysql.jdbc.MysqlIO.<init>(MysqlIO.java:341)
	at com.mysql.jdbc.ConnectionImpl.coreConnect(ConnectionImpl.java:2189)
	at com.mysql.jdbc.ConnectionImpl.connectOneTryOnly(ConnectionImpl.java:2222)
	at com.mysql.jdbc.ConnectionImpl.createNewIO(ConnectionImpl.java:2017)
	at com.mysql.jdbc.ConnectionImpl.<init>(ConnectionImpl.java:779)
	at com.mysql.jdbc.JDBC4Connection.<init>(JDBC4Connection.java:47)
	at sun.reflect.NativeConstructorAccessorImpl.newInstance0(Native Method)
	at sun.reflect.NativeConstructorAccessorImpl.newInstance(NativeConstructorAccessorImpl.java:62)
	at sun.reflect.DelegatingConstructorAccessorImpl.newInstance(DelegatingConstructorAccessorImpl.java:45)
	at java.lang.reflect.Constructor.newInstance(Constructor.java:423)
	at com.mysql.jdbc.Util.handleNewInstance(Util.java:425)
	at com.mysql.jdbc.ConnectionImpl.getInstance(ConnectionImpl.java:389)
	at com.mysql.jdbc.NonRegisteringDriver.connect(NonRegisteringDriver.java:330)
	at com.alibaba.druid.filter.FilterChainImpl.connection_connect(FilterChainImpl.java:149)
	at com.alibaba.druid.filter.stat.StatFilter.connection_connect(StatFilter.java:218)
	at com.alibaba.druid.filter.FilterChainImpl.connection_connect(FilterChainImpl.java:143)
	at com.alibaba.druid.pool.DruidAbstractDataSource.createPhysicalConnection(DruidAbstractDataSource.java:1470)
	at com.alibaba.druid.pool.DruidAbstractDataSource.createPhysicalConnection(DruidAbstractDataSource.java:1533)
	at com.alibaba.druid.pool.DruidDataSource$CreateConnectionThread.run(DruidDataSource.java:2333)
Caused by: java.net.ConnectException: Connection refused (Connection refused)
	at java.net.PlainSocketImpl.socketConnect(Native Method)
	at java.net.AbstractPlainSocketImpl.doConnect(AbstractPlainSocketImpl.java:350)
	at java.net.AbstractPlainSocketImpl.connectToAddress(AbstractPlainSocketImpl.java:206)
	at java.net.AbstractPlainSocketImpl.connect(AbstractPlainSocketImpl.java:188)
	at java.net.SocksSocketImpl.connect(SocksSocketImpl.java:392)
	at java.net.Socket.connect(Socket.java:589)
	at com.mysql.jdbc.StandardSocketFactory.connect(StandardSocketFactory.java:211)
	at com.mysql.jdbc.MysqlIO.<init>(MysqlIO.java:300)
	... 18 more
2017-11-22 18:59:49 ERROR DruidDataSource.java:2336 create connection SQLException, url: jdbc:mysql://localhost:3306/jlzm?useUnicode=true&characterEncoding=UTF-8&useSSL=false&useLegacyDatetimeCode=false&serverTimezone=Asia/Shanghai, errorCode 0, state 08S01
com.mysql.jdbc.exceptions.jdbc4.CommunicationsException: Communications link failure

The last packet sent successfully to the server was 0 milliseconds ago. The driver has not received any packets from the server.
	at sun.reflect.NativeConstructorAccessorImpl.newInstance0(Native Method)
	at sun.reflect.NativeConstructorAccessorImpl.newInstance(NativeConstructorAccessorImpl.java:62)
	at sun.reflect.DelegatingConstructorAccessorImpl.newInstance(DelegatingConstructorAccessorImpl.java:45)
	at java.lang.reflect.Constructor.newInstance(Constructor.java:423)
	at com.mysql.jdbc.Util.handleNewInstance(Util.java:425)
	at com.mysql.jdbc.SQLError.createCommunicationsException(SQLError.java:989)
	at com.mysql.jdbc.MysqlIO.<init>(MysqlIO.java:341)
	at com.mysql.jdbc.ConnectionImpl.coreConnect(ConnectionImpl.java:2189)
	at com.mysql.jdbc.ConnectionImpl.connectOneTryOnly(ConnectionImpl.java:2222)
	at com.mysql.jdbc.ConnectionImpl.createNewIO(ConnectionImpl.java:2017)
	at com.mysql.jdbc.ConnectionImpl.<init>(ConnectionImpl.java:779)
	at com.mysql.jdbc.JDBC4Connection.<init>(JDBC4Connection.java:47)
	at sun.reflect.NativeConstructorAccessorImpl.newInstance0(Native Method)
	at sun.reflect.NativeConstructorAccessorImpl.newInstance(NativeConstructorAccessorImpl.java:62)
	at sun.reflect.DelegatingConstructorAccessorImpl.newInstance(DelegatingConstructorAccessorImpl.java:45)
	at java.lang.reflect.Constructor.newInstance(Constructor.java:423)
	at com.mysql.jdbc.Util.handleNewInstance(Util.java:425)
	at com.mysql.jdbc.ConnectionImpl.getInstance(ConnectionImpl.java:389)
	at com.mysql.jdbc.NonRegisteringDriver.connect(NonRegisteringDriver.java:330)
	at com.alibaba.druid.filter.FilterChainImpl.connection_connect(FilterChainImpl.java:149)
	at com.alibaba.druid.filter.stat.StatFilter.connection_connect(StatFilter.java:218)
	at com.alibaba.druid.filter.FilterChainImpl.connection_connect(FilterChainImpl.java:143)
	at com.alibaba.druid.pool.DruidAbstractDataSource.createPhysicalConnection(DruidAbstractDataSource.java:1470)
	at com.alibaba.druid.pool.DruidAbstractDataSource.createPhysicalConnection(DruidAbstractDataSource.java:1533)
	at com.alibaba.druid.pool.DruidDataSource$CreateConnectionThread.run(DruidDataSource.java:2333)
Caused by: java.net.ConnectException: Connection refused (Connection refused)
	at java.net.PlainSocketImpl.socketConnect(Native Method)
	at java.net.AbstractPlainSocketImpl.doConnect(AbstractPlainSocketImpl.java:350)
	at java.net.AbstractPlainSocketImpl.connectToAddress(AbstractPlainSocketImpl.java:206)
	at java.net.AbstractPlainSocketImpl.connect(AbstractPlainSocketImpl.java:188)
	at java.net.SocksSocketImpl.connect(SocksSocketImpl.java:392)
	at java.net.Socket.connect(Socket.java:589)
	at com.mysql.jdbc.StandardSocketFactory.connect(StandardSocketFactory.java:211)
	at com.mysql.jdbc.MysqlIO.<init>(MysqlIO.java:300)
	... 18 more
2017-11-22 18:59:50 ERROR DruidDataSource.java:2336 create connection SQLException, url: jdbc:mysql://localhost:3306/jlzm?useUnicode=true&characterEncoding=UTF-8&useSSL=false&useLegacyDatetimeCode=false&serverTimezone=Asia/Shanghai, errorCode 0, state 08S01
com.mysql.jdbc.exceptions.jdbc4.CommunicationsException: Communications link failure

The last packet sent successfully to the server was 0 milliseconds ago. The driver has not received any packets from the server.
	at sun.reflect.NativeConstructorAccessorImpl.newInstance0(Native Method)
	at sun.reflect.NativeConstructorAccessorImpl.newInstance(NativeConstructorAccessorImpl.java:62)
	at sun.reflect.DelegatingConstructorAccessorImpl.newInstance(DelegatingConstructorAccessorImpl.java:45)
	at java.lang.reflect.Constructor.newInstance(Constructor.java:423)
	at com.mysql.jdbc.Util.handleNewInstance(Util.java:425)
	at com.mysql.jdbc.SQLError.createCommunicationsException(SQLError.java:989)
	at com.mysql.jdbc.MysqlIO.<init>(MysqlIO.java:341)
	at com.mysql.jdbc.ConnectionImpl.coreConnect(ConnectionImpl.java:2189)
	at com.mysql.jdbc.ConnectionImpl.connectOneTryOnly(ConnectionImpl.java:2222)
	at com.mysql.jdbc.ConnectionImpl.createNewIO(ConnectionImpl.java:2017)
	at com.mysql.jdbc.ConnectionImpl.<init>(ConnectionImpl.java:779)
	at com.mysql.jdbc.JDBC4Connection.<init>(JDBC4Connection.java:47)
	at sun.reflect.NativeConstructorAccessorImpl.newInstance0(Native Method)
	at sun.reflect.NativeConstructorAccessorImpl.newInstance(NativeConstructorAccessorImpl.java:62)
	at sun.reflect.DelegatingConstructorAccessorImpl.newInstance(DelegatingConstructorAccessorImpl.java:45)
	at java.lang.reflect.Constructor.newInstance(Constructor.java:423)
	at com.mysql.jdbc.Util.handleNewInstance(Util.java:425)
	at com.mysql.jdbc.ConnectionImpl.getInstance(ConnectionImpl.java:389)
	at com.mysql.jdbc.NonRegisteringDriver.connect(NonRegisteringDriver.java:330)
	at com.alibaba.druid.filter.FilterChainImpl.connection_connect(FilterChainImpl.java:149)
	at com.alibaba.druid.filter.stat.StatFilter.connection_connect(StatFilter.java:218)
	at com.alibaba.druid.filter.FilterChainImpl.connection_connect(FilterChainImpl.java:143)
	at com.alibaba.druid.pool.DruidAbstractDataSource.createPhysicalConnection(DruidAbstractDataSource.java:1470)
	at com.alibaba.druid.pool.DruidAbstractDataSource.createPhysicalConnection(DruidAbstractDataSource.java:1533)
	at com.alibaba.druid.pool.DruidDataSource$CreateConnectionThread.run(DruidDataSource.java:2333)
Caused by: java.net.ConnectException: Connection refused (Connection refused)
	at java.net.PlainSocketImpl.socketConnect(Native Method)
	at java.net.AbstractPlainSocketImpl.doConnect(AbstractPlainSocketImpl.java:350)
	at java.net.AbstractPlainSocketImpl.connectToAddress(AbstractPlainSocketImpl.java:206)
	at java.net.AbstractPlainSocketImpl.connect(AbstractPlainSocketImpl.java:188)
	at java.net.SocksSocketImpl.connect(SocksSocketImpl.java:392)
	at java.net.Socket.connect(Socket.java:589)
	at com.mysql.jdbc.StandardSocketFactory.connect(StandardSocketFactory.java:211)
	at com.mysql.jdbc.MysqlIO.<init>(MysqlIO.java:300)
	... 18 more
2017-11-22 18:59:50 ERROR DruidDataSource.java:2336 create connection SQLException, url: jdbc:mysql://localhost:3306/jlzm?useUnicode=true&characterEncoding=UTF-8&useSSL=false&useLegacyDatetimeCode=false&serverTimezone=Asia/Shanghai, errorCode 0, state 08S01
com.mysql.jdbc.exceptions.jdbc4.CommunicationsException: Communications link failure

The last packet sent successfully to the server was 0 milliseconds ago. The driver has not received any packets from the server.
	at sun.reflect.NativeConstructorAccessorImpl.newInstance0(Native Method)
	at sun.reflect.NativeConstructorAccessorImpl.newInstance(NativeConstructorAccessorImpl.java:62)
	at sun.reflect.DelegatingConstructorAccessorImpl.newInstance(DelegatingConstructorAccessorImpl.java:45)
	at java.lang.reflect.Constructor.newInstance(Constructor.java:423)
	at com.mysql.jdbc.Util.handleNewInstance(Util.java:425)
	at com.mysql.jdbc.SQLError.createCommunicationsException(SQLError.java:989)
	at com.mysql.jdbc.MysqlIO.<init>(MysqlIO.java:341)
	at com.mysql.jdbc.ConnectionImpl.coreConnect(ConnectionImpl.java:2189)
	at com.mysql.jdbc.ConnectionImpl.connectOneTryOnly(ConnectionImpl.java:2222)
	at com.mysql.jdbc.ConnectionImpl.createNewIO(ConnectionImpl.java:2017)
	at com.mysql.jdbc.ConnectionImpl.<init>(ConnectionImpl.java:779)
	at com.mysql.jdbc.JDBC4Connection.<init>(JDBC4Connection.java:47)
	at sun.reflect.NativeConstructorAccessorImpl.newInstance0(Native Method)
	at sun.reflect.NativeConstructorAccessorImpl.newInstance(NativeConstructorAccessorImpl.java:62)
	at sun.reflect.DelegatingConstructorAccessorImpl.newInstance(DelegatingConstructorAccessorImpl.java:45)
	at java.lang.reflect.Constructor.newInstance(Constructor.java:423)
	at com.mysql.jdbc.Util.handleNewInstance(Util.java:425)
	at com.mysql.jdbc.ConnectionImpl.getInstance(ConnectionImpl.java:389)
	at com.mysql.jdbc.NonRegisteringDriver.connect(NonRegisteringDriver.java:330)
	at com.alibaba.druid.filter.FilterChainImpl.connection_connect(FilterChainImpl.java:149)
	at com.alibaba.druid.filter.stat.StatFilter.connection_connect(StatFilter.java:218)
	at com.alibaba.druid.filter.FilterChainImpl.connection_connect(FilterChainImpl.java:143)
	at com.alibaba.druid.pool.DruidAbstractDataSource.createPhysicalConnection(DruidAbstractDataSource.java:1470)
	at com.alibaba.druid.pool.DruidAbstractDataSource.createPhysicalConnection(DruidAbstractDataSource.java:1533)
	at com.alibaba.druid.pool.DruidDataSource$CreateConnectionThread.run(DruidDataSource.java:2333)
Caused by: java.net.ConnectException: Connection refused (Connection refused)
	at java.net.PlainSocketImpl.socketConnect(Native Method)
	at java.net.AbstractPlainSocketImpl.doConnect(AbstractPlainSocketImpl.java:350)
	at java.net.AbstractPlainSocketImpl.connectToAddress(AbstractPlainSocketImpl.java:206)
	at java.net.AbstractPlainSocketImpl.connect(AbstractPlainSocketImpl.java:188)
	at java.net.SocksSocketImpl.connect(SocksSocketImpl.java:392)
	at java.net.Socket.connect(Socket.java:589)
	at com.mysql.jdbc.StandardSocketFactory.connect(StandardSocketFactory.java:211)
	at com.mysql.jdbc.MysqlIO.<init>(MysqlIO.java:300)
	... 18 more
2017-11-22 18:59:51 ERROR DruidDataSource.java:2336 create connection SQLException, url: jdbc:mysql://localhost:3306/jlzm?useUnicode=true&characterEncoding=UTF-8&useSSL=false&useLegacyDatetimeCode=false&serverTimezone=Asia/Shanghai, errorCode 0, state 08S01
com.mysql.jdbc.exceptions.jdbc4.CommunicationsException: Communications link failure

The last packet sent successfully to the server was 0 milliseconds ago. The driver has not received any packets from the server.
	at sun.reflect.NativeConstructorAccessorImpl.newInstance0(Native Method)
	at sun.reflect.NativeConstructorAccessorImpl.newInstance(NativeConstructorAccessorImpl.java:62)
	at sun.reflect.DelegatingConstructorAccessorImpl.newInstance(DelegatingConstructorAccessorImpl.java:45)
	at java.lang.reflect.Constructor.newInstance(Constructor.java:423)
	at com.mysql.jdbc.Util.handleNewInstance(Util.java:425)
	at com.mysql.jdbc.SQLError.createCommunicationsException(SQLError.java:989)
	at com.mysql.jdbc.MysqlIO.<init>(MysqlIO.java:341)
	at com.mysql.jdbc.ConnectionImpl.coreConnect(ConnectionImpl.java:2189)
	at com.mysql.jdbc.ConnectionImpl.connectOneTryOnly(ConnectionImpl.java:2222)
	at com.mysql.jdbc.ConnectionImpl.createNewIO(ConnectionImpl.java:2017)
	at com.mysql.jdbc.ConnectionImpl.<init>(ConnectionImpl.java:779)
	at com.mysql.jdbc.JDBC4Connection.<init>(JDBC4Connection.java:47)
	at sun.reflect.NativeConstructorAccessorImpl.newInstance0(Native Method)
	at sun.reflect.NativeConstructorAccessorImpl.newInstance(NativeConstructorAccessorImpl.java:62)
	at sun.reflect.DelegatingConstructorAccessorImpl.newInstance(DelegatingConstructorAccessorImpl.java:45)
	at java.lang.reflect.Constructor.newInstance(Constructor.java:423)
	at com.mysql.jdbc.Util.handleNewInstance(Util.java:425)
	at com.mysql.jdbc.ConnectionImpl.getInstance(ConnectionImpl.java:389)
	at com.mysql.jdbc.NonRegisteringDriver.connect(NonRegisteringDriver.java:330)
	at com.alibaba.druid.filter.FilterChainImpl.connection_connect(FilterChainImpl.java:149)
	at com.alibaba.druid.filter.stat.StatFilter.connection_connect(StatFilter.java:218)
	at com.alibaba.druid.filter.FilterChainImpl.connection_connect(FilterChainImpl.java:143)
	at com.alibaba.druid.pool.DruidAbstractDataSource.createPhysicalConnection(DruidAbstractDataSource.java:1470)
	at com.alibaba.druid.pool.DruidAbstractDataSource.createPhysicalConnection(DruidAbstractDataSource.java:1533)
	at com.alibaba.druid.pool.DruidDataSource$CreateConnectionThread.run(DruidDataSource.java:2333)
Caused by: java.net.ConnectException: Connection refused (Connection refused)
	at java.net.PlainSocketImpl.socketConnect(Native Method)
	at java.net.AbstractPlainSocketImpl.doConnect(AbstractPlainSocketImpl.java:350)
	at java.net.AbstractPlainSocketImpl.connectToAddress(AbstractPlainSocketImpl.java:206)
	at java.net.AbstractPlainSocketImpl.connect(AbstractPlainSocketImpl.java:188)
	at java.net.SocksSocketImpl.connect(SocksSocketImpl.java:392)
	at java.net.Socket.connect(Socket.java:589)
	at com.mysql.jdbc.StandardSocketFactory.connect(StandardSocketFactory.java:211)
	at com.mysql.jdbc.MysqlIO.<init>(MysqlIO.java:300)
	... 18 more
2017-11-22 18:59:51 ERROR DruidDataSource.java:2336 create connection SQLException, url: jdbc:mysql://localhost:3306/jlzm?useUnicode=true&characterEncoding=UTF-8&useSSL=false&useLegacyDatetimeCode=false&serverTimezone=Asia/Shanghai, errorCode 0, state 08S01
com.mysql.jdbc.exceptions.jdbc4.CommunicationsException: Communications link failure

The last packet sent successfully to the server was 0 milliseconds ago. The driver has not received any packets from the server.
	at sun.reflect.NativeConstructorAccessorImpl.newInstance0(Native Method)
	at sun.reflect.NativeConstructorAccessorImpl.newInstance(NativeConstructorAccessorImpl.java:62)
	at sun.reflect.DelegatingConstructorAccessorImpl.newInstance(DelegatingConstructorAccessorImpl.java:45)
	at java.lang.reflect.Constructor.newInstance(Constructor.java:423)
	at com.mysql.jdbc.Util.handleNewInstance(Util.java:425)
	at com.mysql.jdbc.SQLError.createCommunicationsException(SQLError.java:989)
	at com.mysql.jdbc.MysqlIO.<init>(MysqlIO.java:341)
	at com.mysql.jdbc.ConnectionImpl.coreConnect(ConnectionImpl.java:2189)
	at com.mysql.jdbc.ConnectionImpl.connectOneTryOnly(ConnectionImpl.java:2222)
	at com.mysql.jdbc.ConnectionImpl.createNewIO(ConnectionImpl.java:2017)
	at com.mysql.jdbc.ConnectionImpl.<init>(ConnectionImpl.java:779)
	at com.mysql.jdbc.JDBC4Connection.<init>(JDBC4Connection.java:47)
	at sun.reflect.NativeConstructorAccessorImpl.newInstance0(Native Method)
	at sun.reflect.NativeConstructorAccessorImpl.newInstance(NativeConstructorAccessorImpl.java:62)
	at sun.reflect.DelegatingConstructorAccessorImpl.newInstance(DelegatingConstructorAccessorImpl.java:45)
	at java.lang.reflect.Constructor.newInstance(Constructor.java:423)
	at com.mysql.jdbc.Util.handleNewInstance(Util.java:425)
	at com.mysql.jdbc.ConnectionImpl.getInstance(ConnectionImpl.java:389)
	at com.mysql.jdbc.NonRegisteringDriver.connect(NonRegisteringDriver.java:330)
	at com.alibaba.druid.filter.FilterChainImpl.connection_connect(FilterChainImpl.java:149)
	at com.alibaba.druid.filter.stat.StatFilter.connection_connect(StatFilter.java:218)
	at com.alibaba.druid.filter.FilterChainImpl.connection_connect(FilterChainImpl.java:143)
	at com.alibaba.druid.pool.DruidAbstractDataSource.createPhysicalConnection(DruidAbstractDataSource.java:1470)
	at com.alibaba.druid.pool.DruidAbstractDataSource.createPhysicalConnection(DruidAbstractDataSource.java:1533)
	at com.alibaba.druid.pool.DruidDataSource$CreateConnectionThread.run(DruidDataSource.java:2333)
Caused by: java.net.ConnectException: Connection refused (Connection refused)
	at java.net.PlainSocketImpl.socketConnect(Native Method)
	at java.net.AbstractPlainSocketImpl.doConnect(AbstractPlainSocketImpl.java:350)
	at java.net.AbstractPlainSocketImpl.connectToAddress(AbstractPlainSocketImpl.java:206)
	at java.net.AbstractPlainSocketImpl.connect(AbstractPlainSocketImpl.java:188)
	at java.net.SocksSocketImpl.connect(SocksSocketImpl.java:392)
	at java.net.Socket.connect(Socket.java:589)
	at com.mysql.jdbc.StandardSocketFactory.connect(StandardSocketFactory.java:211)
	at com.mysql.jdbc.MysqlIO.<init>(MysqlIO.java:300)
	... 18 more
2017-11-22 18:59:52 ERROR DruidDataSource.java:2336 create connection SQLException, url: jdbc:mysql://localhost:3306/jlzm?useUnicode=true&characterEncoding=UTF-8&useSSL=false&useLegacyDatetimeCode=false&serverTimezone=Asia/Shanghai, errorCode 0, state 08S01
com.mysql.jdbc.exceptions.jdbc4.CommunicationsException: Communications link failure

The last packet sent successfully to the server was 0 milliseconds ago. The driver has not received any packets from the server.
	at sun.reflect.NativeConstructorAccessorImpl.newInstance0(Native Method)
	at sun.reflect.NativeConstructorAccessorImpl.newInstance(NativeConstructorAccessorImpl.java:62)
	at sun.reflect.DelegatingConstructorAccessorImpl.newInstance(DelegatingConstructorAccessorImpl.java:45)
	at java.lang.reflect.Constructor.newInstance(Constructor.java:423)
	at com.mysql.jdbc.Util.handleNewInstance(Util.java:425)
	at com.mysql.jdbc.SQLError.createCommunicationsException(SQLError.java:989)
	at com.mysql.jdbc.MysqlIO.<init>(MysqlIO.java:341)
	at com.mysql.jdbc.ConnectionImpl.coreConnect(ConnectionImpl.java:2189)
	at com.mysql.jdbc.ConnectionImpl.connectOneTryOnly(ConnectionImpl.java:2222)
	at com.mysql.jdbc.ConnectionImpl.createNewIO(ConnectionImpl.java:2017)
	at com.mysql.jdbc.ConnectionImpl.<init>(ConnectionImpl.java:779)
	at com.mysql.jdbc.JDBC4Connection.<init>(JDBC4Connection.java:47)
	at sun.reflect.NativeConstructorAccessorImpl.newInstance0(Native Method)
	at sun.reflect.NativeConstructorAccessorImpl.newInstance(NativeConstructorAccessorImpl.java:62)
	at sun.reflect.DelegatingConstructorAccessorImpl.newInstance(DelegatingConstructorAccessorImpl.java:45)
	at java.lang.reflect.Constructor.newInstance(Constructor.java:423)
	at com.mysql.jdbc.Util.handleNewInstance(Util.java:425)
	at com.mysql.jdbc.ConnectionImpl.getInstance(ConnectionImpl.java:389)
	at com.mysql.jdbc.NonRegisteringDriver.connect(NonRegisteringDriver.java:330)
	at com.alibaba.druid.filter.FilterChainImpl.connection_connect(FilterChainImpl.java:149)
	at com.alibaba.druid.filter.stat.StatFilter.connection_connect(StatFilter.java:218)
	at com.alibaba.druid.filter.FilterChainImpl.connection_connect(FilterChainImpl.java:143)
	at com.alibaba.druid.pool.DruidAbstractDataSource.createPhysicalConnection(DruidAbstractDataSource.java:1470)
	at com.alibaba.druid.pool.DruidAbstractDataSource.createPhysicalConnection(DruidAbstractDataSource.java:1533)
	at com.alibaba.druid.pool.DruidDataSource$CreateConnectionThread.run(DruidDataSource.java:2333)
Caused by: java.net.ConnectException: Connection refused (Connection refused)
	at java.net.PlainSocketImpl.socketConnect(Native Method)
	at java.net.AbstractPlainSocketImpl.doConnect(AbstractPlainSocketImpl.java:350)
	at java.net.AbstractPlainSocketImpl.connectToAddress(AbstractPlainSocketImpl.java:206)
	at java.net.AbstractPlainSocketImpl.connect(AbstractPlainSocketImpl.java:188)
	at java.net.SocksSocketImpl.connect(SocksSocketImpl.java:392)
	at java.net.Socket.connect(Socket.java:589)
	at com.mysql.jdbc.StandardSocketFactory.connect(StandardSocketFactory.java:211)
	at com.mysql.jdbc.MysqlIO.<init>(MysqlIO.java:300)
	... 18 more
2017-11-22 18:59:52 ERROR DruidDataSource.java:2336 create connection SQLException, url: jdbc:mysql://localhost:3306/jlzm?useUnicode=true&characterEncoding=UTF-8&useSSL=false&useLegacyDatetimeCode=false&serverTimezone=Asia/Shanghai, errorCode 0, state 08S01
com.mysql.jdbc.exceptions.jdbc4.CommunicationsException: Communications link failure

The last packet sent successfully to the server was 0 milliseconds ago. The driver has not received any packets from the server.
	at sun.reflect.NativeConstructorAccessorImpl.newInstance0(Native Method)
	at sun.reflect.NativeConstructorAccessorImpl.newInstance(NativeConstructorAccessorImpl.java:62)
	at sun.reflect.DelegatingConstructorAccessorImpl.newInstance(DelegatingConstructorAccessorImpl.java:45)
	at java.lang.reflect.Constructor.newInstance(Constructor.java:423)
	at com.mysql.jdbc.Util.handleNewInstance(Util.java:425)
	at com.mysql.jdbc.SQLError.createCommunicationsException(SQLError.java:989)
	at com.mysql.jdbc.MysqlIO.<init>(MysqlIO.java:341)
	at com.mysql.jdbc.ConnectionImpl.coreConnect(ConnectionImpl.java:2189)
	at com.mysql.jdbc.ConnectionImpl.connectOneTryOnly(ConnectionImpl.java:2222)
	at com.mysql.jdbc.ConnectionImpl.createNewIO(ConnectionImpl.java:2017)
	at com.mysql.jdbc.ConnectionImpl.<init>(ConnectionImpl.java:779)
	at com.mysql.jdbc.JDBC4Connection.<init>(JDBC4Connection.java:47)
	at sun.reflect.NativeConstructorAccessorImpl.newInstance0(Native Method)
	at sun.reflect.NativeConstructorAccessorImpl.newInstance(NativeConstructorAccessorImpl.java:62)
	at sun.reflect.DelegatingConstructorAccessorImpl.newInstance(DelegatingConstructorAccessorImpl.java:45)
	at java.lang.reflect.Constructor.newInstance(Constructor.java:423)
	at com.mysql.jdbc.Util.handleNewInstance(Util.java:425)
	at com.mysql.jdbc.ConnectionImpl.getInstance(ConnectionImpl.java:389)
	at com.mysql.jdbc.NonRegisteringDriver.connect(NonRegisteringDriver.java:330)
	at com.alibaba.druid.filter.FilterChainImpl.connection_connect(FilterChainImpl.java:149)
	at com.alibaba.druid.filter.stat.StatFilter.connection_connect(StatFilter.java:218)
	at com.alibaba.druid.filter.FilterChainImpl.connection_connect(FilterChainImpl.java:143)
	at com.alibaba.druid.pool.DruidAbstractDataSource.createPhysicalConnection(DruidAbstractDataSource.java:1470)
	at com.alibaba.druid.pool.DruidAbstractDataSource.createPhysicalConnection(DruidAbstractDataSource.java:1533)
	at com.alibaba.druid.pool.DruidDataSource$CreateConnectionThread.run(DruidDataSource.java:2333)
Caused by: java.net.ConnectException: Connection refused (Connection refused)
	at java.net.PlainSocketImpl.socketConnect(Native Method)
	at java.net.AbstractPlainSocketImpl.doConnect(AbstractPlainSocketImpl.java:350)
	at java.net.AbstractPlainSocketImpl.connectToAddress(AbstractPlainSocketImpl.java:206)
	at java.net.AbstractPlainSocketImpl.connect(AbstractPlainSocketImpl.java:188)
	at java.net.SocksSocketImpl.connect(SocksSocketImpl.java:392)
	at java.net.Socket.connect(Socket.java:589)
	at com.mysql.jdbc.StandardSocketFactory.connect(StandardSocketFactory.java:211)
	at com.mysql.jdbc.MysqlIO.<init>(MysqlIO.java:300)
	... 18 more
2017-11-22 19:00:27 INFO  ContextLoader.java:304 Root WebApplicationContext: initialization started
2017-11-22 19:00:27 INFO  AbstractApplicationContext.java:583 Refreshing Root WebApplicationContext: startup date [Wed Nov 22 19:00:27 CST 2017]; root of context hierarchy
2017-11-22 19:00:27 INFO  XmlBeanDefinitionReader.java:317 Loading XML bean definitions from class path resource [spring/spring.xml]
2017-11-22 19:00:27 INFO  XmlBeanDefinitionReader.java:317 Loading XML bean definitions from class path resource [spring/spring-mybatis.xml]
2017-11-22 19:00:27 INFO  XmlBeanDefinitionReader.java:317 Loading XML bean definitions from class path resource [spring/spring-shiro.xml]
2017-11-22 19:00:27 INFO  XmlBeanDefinitionReader.java:317 Loading XML bean definitions from class path resource [spring/spring-ehcache.xml]
2017-11-22 19:00:28 INFO  AutowiredAnnotationBeanPostProcessor.java:155 JSR-330 'javax.inject.Inject' annotation found and supported for autowiring
2017-11-22 19:00:28 INFO  PostProcessorRegistrationDelegate.java:327 Bean 'org.springframework.aop.support.DefaultBeanFactoryPointcutAdvisor#0' of type [org.springframework.aop.support.DefaultBeanFactoryPointcutAdvisor] is not eligible for getting processed by all BeanPostProcessors (for example: not eligible for auto-proxying)
2017-11-22 19:00:28 INFO  EhCacheManagerFactoryBean.java:130 Initializing EhCache CacheManager
2017-11-22 19:00:28 INFO  PostProcessorRegistrationDelegate.java:327 Bean 'ehcacheManager' of type [org.springframework.cache.ehcache.EhCacheManagerFactoryBean] is not eligible for getting processed by all BeanPostProcessors (for example: not eligible for auto-proxying)
2017-11-22 19:00:28 INFO  PostProcessorRegistrationDelegate.java:327 Bean 'ehcacheManager' of type [net.sf.ehcache.CacheManager] is not eligible for getting processed by all BeanPostProcessors (for example: not eligible for auto-proxying)
2017-11-22 19:00:28 INFO  PostProcessorRegistrationDelegate.java:327 Bean 'cacheManager' of type [org.springframework.cache.ehcache.EhCacheCacheManager] is not eligible for getting processed by all BeanPostProcessors (for example: not eligible for auto-proxying)
2017-11-22 19:00:28 INFO  PostProcessorRegistrationDelegate.java:327 Bean 'shiroSpringCacheManager' of type [org.cloud.ssm.security.cache.ShiroSpringCacheManager] is not eligible for getting processed by all BeanPostProcessors (for example: not eligible for auto-proxying)
2017-11-22 19:00:29 INFO  PostProcessorRegistrationDelegate.java:327 Bean 'passwordHash' of type [org.cloud.ssm.security.PasswordHash] is not eligible for getting processed by all BeanPostProcessors (for example: not eligible for auto-proxying)
2017-11-22 19:00:29 INFO  PostProcessorRegistrationDelegate.java:327 Bean 'credentialsMatcher' of type [org.cloud.ssm.security.RetryLimitCredentialsMatcher] is not eligible for getting processed by all BeanPostProcessors (for example: not eligible for auto-proxying)
2017-11-22 19:00:29 INFO  PostProcessorRegistrationDelegate.java:327 Bean 'dataSource' of type [com.alibaba.druid.pool.DruidDataSource] is not eligible for getting processed by all BeanPostProcessors (for example: not eligible for auto-proxying)
2017-11-22 19:00:30 INFO  PostProcessorRegistrationDelegate.java:327 Bean 'sqlSessionFactory' of type [org.mybatis.spring.SqlSessionFactoryBean] is not eligible for getting processed by all BeanPostProcessors (for example: not eligible for auto-proxying)
2017-11-22 19:00:30 INFO  PostProcessorRegistrationDelegate.java:327 Bean 'sqlSessionFactory' of type [org.apache.ibatis.session.defaults.DefaultSqlSessionFactory] is not eligible for getting processed by all BeanPostProcessors (for example: not eligible for auto-proxying)
2017-11-22 19:00:30 INFO  PostProcessorRegistrationDelegate.java:327 Bean 'userMapper' of type [org.mybatis.spring.mapper.MapperFactoryBean] is not eligible for getting processed by all BeanPostProcessors (for example: not eligible for auto-proxying)
2017-11-22 19:00:30 INFO  PostProcessorRegistrationDelegate.java:327 Bean 'userMapper' of type [com.sun.proxy.$Proxy37] is not eligible for getting processed by all BeanPostProcessors (for example: not eligible for auto-proxying)
2017-11-22 19:00:30 INFO  PostProcessorRegistrationDelegate.java:327 Bean 'userServiceImpl' of type [org.cloud.ssm.service.impl.UserServiceImpl] is not eligible for getting processed by all BeanPostProcessors (for example: not eligible for auto-proxying)
2017-11-22 19:00:30 INFO  PostProcessorRegistrationDelegate.java:327 Bean 'transactionManager' of type [org.springframework.jdbc.datasource.DataSourceTransactionManager] is not eligible for getting processed by all BeanPostProcessors (for example: not eligible for auto-proxying)
2017-11-22 19:00:30 INFO  PostProcessorRegistrationDelegate.java:327 Bean '(inner bean)#58a765ce' of type [org.springframework.transaction.interceptor.NameMatchTransactionAttributeSource] is not eligible for getting processed by all BeanPostProcessors (for example: not eligible for auto-proxying)
2017-11-22 19:00:30 INFO  PostProcessorRegistrationDelegate.java:327 Bean 'transactionAdvice' of type [org.springframework.transaction.interceptor.TransactionInterceptor] is not eligible for getting processed by all BeanPostProcessors (for example: not eligible for auto-proxying)
2017-11-22 19:00:30 INFO  PostProcessorRegistrationDelegate.java:327 Bean 'roleMapper' of type [org.mybatis.spring.mapper.MapperFactoryBean] is not eligible for getting processed by all BeanPostProcessors (for example: not eligible for auto-proxying)
2017-11-22 19:00:30 INFO  PostProcessorRegistrationDelegate.java:327 Bean 'roleMapper' of type [com.sun.proxy.$Proxy39] is not eligible for getting processed by all BeanPostProcessors (for example: not eligible for auto-proxying)
2017-11-22 19:00:30 INFO  PostProcessorRegistrationDelegate.java:327 Bean 'rolePermissionMapper' of type [org.mybatis.spring.mapper.MapperFactoryBean] is not eligible for getting processed by all BeanPostProcessors (for example: not eligible for auto-proxying)
2017-11-22 19:00:30 INFO  PostProcessorRegistrationDelegate.java:327 Bean 'rolePermissionMapper' of type [com.sun.proxy.$Proxy40] is not eligible for getting processed by all BeanPostProcessors (for example: not eligible for auto-proxying)
2017-11-22 19:00:30 INFO  PostProcessorRegistrationDelegate.java:327 Bean 'roleServiceImpl' of type [org.cloud.ssm.service.impl.RoleServiceImpl] is not eligible for getting processed by all BeanPostProcessors (for example: not eligible for auto-proxying)
2017-11-22 19:00:30 INFO  PostProcessorRegistrationDelegate.java:327 Bean 'shiroSecurityRealm' of type [org.cloud.ssm.security.ShiroSecurityRealm] is not eligible for getting processed by all BeanPostProcessors (for example: not eligible for auto-proxying)
2017-11-22 19:00:30 INFO  PostProcessorRegistrationDelegate.java:327 Bean 'rememberMeCookie' of type [org.apache.shiro.web.servlet.SimpleCookie] is not eligible for getting processed by all BeanPostProcessors (for example: not eligible for auto-proxying)
2017-11-22 19:00:30 INFO  PostProcessorRegistrationDelegate.java:327 Bean 'rememberMeManager' of type [org.apache.shiro.web.mgt.CookieRememberMeManager] is not eligible for getting processed by all BeanPostProcessors (for example: not eligible for auto-proxying)
2017-11-22 19:00:30 INFO  PostProcessorRegistrationDelegate.java:327 Bean 'securityManager' of type [org.apache.shiro.web.mgt.DefaultWebSecurityManager] is not eligible for getting processed by all BeanPostProcessors (for example: not eligible for auto-proxying)
2017-11-22 19:00:30 INFO  PostProcessorRegistrationDelegate.java:327 Bean 'ajaxSessionFilter' of type [org.cloud.ssm.security.ShiroAjaxSessionFilter] is not eligible for getting processed by all BeanPostProcessors (for example: not eligible for auto-proxying)
2017-11-22 19:00:31 INFO  ContextLoader.java:344 Root WebApplicationContext: initialization completed in 3945 ms
2017-11-22 19:00:31 INFO  FrameworkServlet.java:489 FrameworkServlet 'SpringMVC': initialization started
2017-11-22 19:00:31 INFO  AbstractApplicationContext.java:583 Refreshing WebApplicationContext for namespace 'SpringMVC-servlet': startup date [Wed Nov 22 19:00:31 CST 2017]; parent: Root WebApplicationContext
2017-11-22 19:00:31 INFO  XmlBeanDefinitionReader.java:317 Loading XML bean definitions from class path resource [spring/spring-mvc.xml]
2017-11-22 19:00:31 INFO  AutowiredAnnotationBeanPostProcessor.java:155 JSR-330 'javax.inject.Inject' annotation found and supported for autowiring
2017-11-22 19:00:31 INFO  AbstractHandlerMethodMapping.java:543 Mapped "{[/attendance],methods=[GET]}" onto public org.springframework.web.servlet.ModelAndView org.cloud.ssm.controller.AttendanceController.attendancePageHandler(javax.servlet.http.HttpServletRequest)
2017-11-22 19:00:31 INFO  AbstractHandlerMethodMapping.java:543 Mapped "{[/attendanceImport],methods=[POST]}" onto public java.lang.String org.cloud.ssm.controller.AttendanceController.getAttdncListByExcel(javax.servlet.http.HttpServletRequest,javax.servlet.http.HttpServletResponse,javax.servlet.http.HttpSession) throws java.lang.Exception
2017-11-22 19:00:31 INFO  AbstractHandlerMethodMapping.java:543 Mapped "{[/deleteBooks],methods=[POST]}" onto public org.cloud.ssm.domain.Result org.cloud.ssm.controller.BooksController.deleteBooksHandler(java.lang.String)
2017-11-22 19:00:31 INFO  AbstractHandlerMethodMapping.java:543 Mapped "{[/books],methods=[GET]}" onto public java.lang.String org.cloud.ssm.controller.BooksController.booksPage(javax.servlet.http.HttpServletRequest,javax.servlet.http.HttpSession)
2017-11-22 19:00:31 INFO  AbstractHandlerMethodMapping.java:543 Mapped "{[/exportBooks],methods=[GET]}" onto public void org.cloud.ssm.controller.BooksController.exportBooks(javax.servlet.http.HttpServletRequest,javax.servlet.http.HttpServletResponse,org.cloud.ssm.dto.BooksDto) throws java.io.IOException
2017-11-22 19:00:31 INFO  AbstractHandlerMethodMapping.java:543 Mapped "{[/listBooks],methods=[POST]}" onto public org.cloud.ssm.domain.ResponseMessage<org.cloud.ssm.domain.Books> org.cloud.ssm.controller.BooksController.listBooksHandler(org.cloud.ssm.dto.BooksDto)
2017-11-22 19:00:31 INFO  AbstractHandlerMethodMapping.java:543 Mapped "{[/getBooks],methods=[POST]}" onto public org.cloud.ssm.domain.Books org.cloud.ssm.controller.BooksController.getBooksHandler(java.lang.String)
2017-11-22 19:00:31 INFO  AbstractHandlerMethodMapping.java:543 Mapped "{[/saveBooks],methods=[POST]}" onto public org.cloud.ssm.domain.Result org.cloud.ssm.controller.BooksController.saveBooksHandler(org.cloud.ssm.dto.BooksDto)
2017-11-22 19:00:31 INFO  AbstractHandlerMethodMapping.java:543 Mapped "{[/calendar],methods=[GET]}" onto public java.lang.String org.cloud.ssm.controller.CalendarController.calendarHandler(javax.servlet.http.HttpServletRequest,javax.servlet.http.HttpSession)
2017-11-22 19:00:31 INFO  AbstractHandlerMethodMapping.java:543 Mapped "{[/listCalendar],methods=[POST]}" onto public org.cloud.ssm.domain.ResponseMessage<org.cloud.ssm.domain.WorkCalendar> org.cloud.ssm.controller.CalendarController.listCalendarHandler(org.cloud.ssm.dto.WorkCalendarDto)
2017-11-22 19:00:31 INFO  AbstractHandlerMethodMapping.java:543 Mapped "{[/importCalendar],methods=[POST]}" onto public org.cloud.ssm.domain.Result org.cloud.ssm.controller.CalendarController.importCalendarFromExcel(javax.servlet.http.HttpServletRequest,javax.servlet.http.HttpServletResponse,javax.servlet.http.HttpSession) throws java.lang.Exception
2017-11-22 19:00:31 INFO  AbstractHandlerMethodMapping.java:543 Mapped "{[/getCalendar],methods=[POST]}" onto public org.cloud.ssm.domain.WorkCalendar org.cloud.ssm.controller.CalendarController.getCalendarHandler(java.lang.String)
2017-11-22 19:00:31 INFO  AbstractHandlerMethodMapping.java:543 Mapped "{[/getHldSgn],methods=[POST]}" onto public java.util.List<org.cloud.ssm.domain.CodeMaster> org.cloud.ssm.controller.CalendarController.getHldSgnHandler()
2017-11-22 19:00:31 INFO  AbstractHandlerMethodMapping.java:543 Mapped "{[/saveCalendar],methods=[POST]}" onto public org.cloud.ssm.domain.Result org.cloud.ssm.controller.CalendarController.saveCodeMasterHandler(org.cloud.ssm.dto.WorkCalendarDto)
2017-11-22 19:00:31 INFO  AbstractHandlerMethodMapping.java:543 Mapped "{[/exportCalendar],methods=[GET]}" onto public void org.cloud.ssm.controller.CalendarController.exportBooks(javax.servlet.http.HttpServletRequest,javax.servlet.http.HttpServletResponse,org.cloud.ssm.dto.WorkCalendarDto) throws java.io.IOException
2017-11-22 19:00:31 INFO  AbstractHandlerMethodMapping.java:543 Mapped "{[/saveCodeMaster],methods=[POST]}" onto public org.cloud.ssm.domain.Result org.cloud.ssm.controller.CodeMasterController.saveCodeMasterHandler(org.cloud.ssm.dto.CodeMasterDto)
2017-11-22 19:00:31 INFO  AbstractHandlerMethodMapping.java:543 Mapped "{[/codeMaster],methods=[GET]}" onto public java.lang.String org.cloud.ssm.controller.CodeMasterController.cdMaster(javax.servlet.http.HttpServletRequest,javax.servlet.http.HttpSession)
2017-11-22 19:00:31 INFO  AbstractHandlerMethodMapping.java:543 Mapped "{[/exportCodeMaster],methods=[GET]}" onto public void org.cloud.ssm.controller.CodeMasterController.exportCodeMaster(javax.servlet.http.HttpServletRequest,javax.servlet.http.HttpServletResponse,org.cloud.ssm.dto.CodeMasterDto) throws java.io.IOException
2017-11-22 19:00:31 INFO  AbstractHandlerMethodMapping.java:543 Mapped "{[/listCodeMaster],methods=[POST]}" onto public org.cloud.ssm.domain.ResponseMessage<org.cloud.ssm.domain.CodeMaster> org.cloud.ssm.controller.CodeMasterController.listCodeMasterHandler(org.cloud.ssm.dto.CodeMasterDto)
2017-11-22 19:00:31 INFO  AbstractHandlerMethodMapping.java:543 Mapped "{[/getCodeMaster],methods=[POST]}" onto public org.cloud.ssm.domain.CodeMaster org.cloud.ssm.controller.CodeMasterController.getCodeMasterHandler(java.lang.String)
2017-11-22 19:00:31 INFO  AbstractHandlerMethodMapping.java:543 Mapped "{[/deleteCodeMaster],methods=[POST]}" onto public org.cloud.ssm.domain.Result org.cloud.ssm.controller.CodeMasterController.deleteCodeMasterHandler(java.lang.String)
2017-11-22 19:00:32 INFO  AbstractHandlerMethodMapping.java:543 Mapped "{[/department],methods=[GET]}" onto public java.lang.String org.cloud.ssm.controller.DepartmentController.departmentPage(javax.servlet.http.HttpServletRequest,javax.servlet.http.HttpSession)
2017-11-22 19:00:32 INFO  AbstractHandlerMethodMapping.java:543 Mapped "{[/exportDepartment],methods=[GET]}" onto public void org.cloud.ssm.controller.DepartmentController.exportDepartment(javax.servlet.http.HttpServletRequest,javax.servlet.http.HttpServletResponse,org.cloud.ssm.dto.DepartmentDto) throws java.io.IOException
2017-11-22 19:00:32 INFO  AbstractHandlerMethodMapping.java:543 Mapped "{[/listDepartment],methods=[POST]}" onto public org.cloud.ssm.domain.ResponseMessage<org.cloud.ssm.domain.Department> org.cloud.ssm.controller.DepartmentController.listDepartmentHandler(org.cloud.ssm.dto.DepartmentDto)
2017-11-22 19:00:32 INFO  AbstractHandlerMethodMapping.java:543 Mapped "{[/getDepartment],methods=[POST]}" onto public org.cloud.ssm.domain.Department org.cloud.ssm.controller.DepartmentController.getDepartmentHandler(java.lang.String)
2017-11-22 19:00:32 INFO  AbstractHandlerMethodMapping.java:543 Mapped "{[/deleteDepartment],methods=[POST]}" onto public org.cloud.ssm.domain.Result org.cloud.ssm.controller.DepartmentController.departmentDeleteHandler(java.lang.String)
2017-11-22 19:00:32 INFO  AbstractHandlerMethodMapping.java:543 Mapped "{[/saveDepartment],methods=[POST]}" onto public org.cloud.ssm.domain.Result org.cloud.ssm.controller.DepartmentController.saveDepartmentHandler(org.cloud.ssm.dto.DepartmentDto)
2017-11-22 19:00:32 INFO  AbstractHandlerMethodMapping.java:543 Mapped "{[/home],methods=[GET]}" onto public org.springframework.web.servlet.ModelAndView org.cloud.ssm.controller.HomePageController.homePageHandler(javax.servlet.http.HttpServletRequest,javax.servlet.http.HttpSession)
2017-11-22 19:00:32 INFO  AbstractHandlerMethodMapping.java:543 Mapped "{[/datagrid.html],methods=[GET]}" onto public java.lang.String org.cloud.ssm.controller.IndexController.getDatagridPage()
2017-11-22 19:00:32 INFO  AbstractHandlerMethodMapping.java:543 Mapped "{[/accordion.html],methods=[GET]}" onto public java.lang.String org.cloud.ssm.controller.IndexController.getaccordionPage()
2017-11-22 19:00:32 INFO  AbstractHandlerMethodMapping.java:543 Mapped "{[/button.html],methods=[GET]}" onto public java.lang.String org.cloud.ssm.controller.IndexController.getbuttonPage()
2017-11-22 19:00:32 INFO  AbstractHandlerMethodMapping.java:543 Mapped "{[/dialog.html],methods=[GET]}" onto public java.lang.String org.cloud.ssm.controller.IndexController.getdialogPage()
2017-11-22 19:00:32 INFO  AbstractHandlerMethodMapping.java:543 Mapped "{[/form.html],methods=[GET]}" onto public java.lang.String org.cloud.ssm.controller.IndexController.getformPage()
2017-11-22 19:00:32 INFO  AbstractHandlerMethodMapping.java:543 Mapped "{[/layout.html],methods=[GET]}" onto public java.lang.String org.cloud.ssm.controller.IndexController.getlayoutPage()
2017-11-22 19:00:32 INFO  AbstractHandlerMethodMapping.java:543 Mapped "{[/menu.html],methods=[GET]}" onto public java.lang.String org.cloud.ssm.controller.IndexController.getmenuPage()
2017-11-22 19:00:32 INFO  AbstractHandlerMethodMapping.java:543 Mapped "{[/message.html],methods=[GET]}" onto public java.lang.String org.cloud.ssm.controller.IndexController.getmessagePage()
2017-11-22 19:00:32 INFO  AbstractHandlerMethodMapping.java:543 Mapped "{[/other.html],methods=[GET]}" onto public java.lang.String org.cloud.ssm.controller.IndexController.getotherPage()
2017-11-22 19:00:32 INFO  AbstractHandlerMethodMapping.java:543 Mapped "{[/panel.html],methods=[GET]}" onto public java.lang.String org.cloud.ssm.controller.IndexController.getpanelPage()
2017-11-22 19:00:32 INFO  AbstractHandlerMethodMapping.java:543 Mapped "{[/tabs.html],methods=[GET]}" onto public java.lang.String org.cloud.ssm.controller.IndexController.gettabsPage()
2017-11-22 19:00:32 INFO  AbstractHandlerMethodMapping.java:543 Mapped "{[/tree.html],methods=[GET]}" onto public java.lang.String org.cloud.ssm.controller.IndexController.gettreePage()
2017-11-22 19:00:32 INFO  AbstractHandlerMethodMapping.java:543 Mapped "{[/window.html],methods=[GET]}" onto public java.lang.String org.cloud.ssm.controller.IndexController.getwindowPage()
2017-11-22 19:00:32 INFO  AbstractHandlerMethodMapping.java:543 Mapped "{[/],methods=[GET]}" onto public java.lang.String org.cloud.ssm.controller.LoginController.index()
2017-11-22 19:00:32 INFO  AbstractHandlerMethodMapping.java:543 Mapped "{[/login],methods=[GET]}" onto public java.lang.String org.cloud.ssm.controller.LoginController.login()
2017-11-22 19:00:32 INFO  AbstractHandlerMethodMapping.java:543 Mapped "{[/login],methods=[POST]}" onto public org.cloud.ssm.domain.Result org.cloud.ssm.controller.LoginController.login(java.lang.String,java.lang.String,java.lang.Integer,javax.servlet.http.HttpSession) throws java.io.IOException
2017-11-22 19:00:32 INFO  AbstractHandlerMethodMapping.java:543 Mapped "{[/logout],methods=[POST]}" onto public org.cloud.ssm.domain.Result org.cloud.ssm.controller.LoginController.logout(javax.servlet.http.HttpServletRequest,javax.servlet.http.HttpServletResponse,javax.servlet.http.HttpSession) throws java.io.IOException
2017-11-22 19:00:32 INFO  AbstractHandlerMethodMapping.java:543 Mapped "{[/user],methods=[GET]}" onto public java.lang.String org.cloud.ssm.controller.UserController.userPage(javax.servlet.http.HttpServletRequest,javax.servlet.http.HttpSession)
2017-11-22 19:00:32 INFO  AbstractHandlerMethodMapping.java:543 Mapped "{[/userList],methods=[POST]}" onto public org.cloud.ssm.domain.ResponseMessage<org.cloud.ssm.domain.User> org.cloud.ssm.controller.UserController.userListHandler(org.cloud.ssm.dto.UserDto)
2017-11-22 19:00:32 INFO  RequestMappingHandlerAdapter.java:534 Looking for @ControllerAdvice: WebApplicationContext for namespace 'SpringMVC-servlet': startup date [Wed Nov 22 19:00:31 CST 2017]; parent: Root WebApplicationContext
2017-11-22 19:00:32 INFO  RequestMappingHandlerAdapter.java:534 Looking for @ControllerAdvice: WebApplicationContext for namespace 'SpringMVC-servlet': startup date [Wed Nov 22 19:00:31 CST 2017]; parent: Root WebApplicationContext
2017-11-22 19:00:32 INFO  RequestMappingHandlerAdapter.java:534 Looking for @ControllerAdvice: WebApplicationContext for namespace 'SpringMVC-servlet': startup date [Wed Nov 22 19:00:31 CST 2017]; parent: Root WebApplicationContext
2017-11-22 19:00:33 INFO  AbstractUrlHandlerMapping.java:362 Mapped URL path [/assets/**] onto handler 'org.springframework.web.servlet.resource.ResourceHttpRequestHandler#0'
2017-11-22 19:00:33 INFO  AbstractUrlHandlerMapping.java:362 Mapped URL path [/js/**] onto handler 'org.springframework.web.servlet.resource.ResourceHttpRequestHandler#1'
2017-11-22 19:00:33 INFO  AbstractUrlHandlerMapping.java:362 Mapped URL path [/css/**] onto handler 'org.springframework.web.servlet.resource.ResourceHttpRequestHandler#2'
2017-11-22 19:00:33 INFO  AbstractUrlHandlerMapping.java:362 Mapped URL path [/images/**] onto handler 'org.springframework.web.servlet.resource.ResourceHttpRequestHandler#3'
2017-11-22 19:00:33 INFO  FrameworkServlet.java:508 FrameworkServlet 'SpringMVC': initialization completed in 1795 ms
2017-11-22 19:00:41 INFO  LoginController.java:61 POST请求登录
2017-11-22 19:00:41 INFO  ShiroSecurityRealm.java:44 Shiro开始登录认证
2017-11-22 19:00:42 INFO  MenuListServiceImpl.java:24 [MenuList [menuId=1, pId=0, name=勤怠管理, url=null], MenuList [menuId=2, pId=0, name=プロジェクト管理, url=null], MenuList [menuId=3, pId=0, name=有休・代休管理, url=null], MenuList [menuId=4, pId=0, name=会議室管理, url=null], MenuList [menuId=5, pId=0, name=残業・休暇管理, url=null], MenuList [menuId=6, pId=0, name=图书管理, url=null], MenuList [menuId=9, pId=0, name=システム管理, url=null]]
2017-11-22 19:00:50 WARN  DispatcherServlet.java:1176 No mapping found for HTTP request with URI [/jlzmsys/calendarList] in DispatcherServlet with name 'SpringMVC'
2017-11-22 19:01:59 INFO  MenuListServiceImpl.java:24 [MenuList [menuId=1, pId=0, name=勤怠管理, url=null], MenuList [menuId=2, pId=0, name=プロジェクト管理, url=null], MenuList [menuId=3, pId=0, name=有休・代休管理, url=null], MenuList [menuId=4, pId=0, name=会議室管理, url=null], MenuList [menuId=5, pId=0, name=残業・休暇管理, url=null], MenuList [menuId=6, pId=0, name=图书管理, url=null], MenuList [menuId=9, pId=0, name=システム管理, url=null]]
